<?xml version="1.0" encoding="UTF-8"?>
<testsuite xmlns:xsi="http://www.w3.org/2001/XMLSchema-instance" xsi:noNamespaceSchemaLocation="https://maven.apache.org/surefire/maven-surefire-plugin/xsd/surefire-test-report.xsd" name="com.financial.api.FinancialApiApplicationTests" time="17.088" tests="1" errors="1" skipped="0" failures="0">
  <properties>
    <property name="sun.desktop" value="windows"/>
    <property name="awt.toolkit" value="sun.awt.windows.WToolkit"/>
    <property name="file.encoding.pkg" value="sun.io"/>
    <property name="java.specification.version" value="1.8"/>
    <property name="sun.cpu.isalist" value="amd64"/>
    <property name="sun.jnu.encoding" value="Cp1252"/>
    <property name="java.class.path" value="C:\workingarea\financial-api\target\test-classes;C:\workingarea\financial-api\target\classes;C:\Users\Filipe\.m2\repository\org\springframework\boot\spring-boot-starter-data-jpa\2.1.9.RELEASE\spring-boot-starter-data-jpa-2.1.9.RELEASE.jar;C:\Users\Filipe\.m2\repository\org\springframework\boot\spring-boot-starter-aop\2.1.9.RELEASE\spring-boot-starter-aop-2.1.9.RELEASE.jar;C:\Users\Filipe\.m2\repository\org\aspectj\aspectjweaver\1.9.4\aspectjweaver-1.9.4.jar;C:\Users\Filipe\.m2\repository\org\springframework\boot\spring-boot-starter-jdbc\2.1.9.RELEASE\spring-boot-starter-jdbc-2.1.9.RELEASE.jar;C:\Users\Filipe\.m2\repository\com\zaxxer\HikariCP\3.2.0\HikariCP-3.2.0.jar;C:\Users\Filipe\.m2\repository\org\springframework\spring-jdbc\5.1.10.RELEASE\spring-jdbc-5.1.10.RELEASE.jar;C:\Users\Filipe\.m2\repository\javax\transaction\javax.transaction-api\1.3\javax.transaction-api-1.3.jar;C:\Users\Filipe\.m2\repository\javax\xml\bind\jaxb-api\2.3.1\jaxb-api-2.3.1.jar;C:\Users\Filipe\.m2\repository\javax\activation\javax.activation-api\1.2.0\javax.activation-api-1.2.0.jar;C:\Users\Filipe\.m2\repository\org\hibernate\hibernate-core\5.3.12.Final\hibernate-core-5.3.12.Final.jar;C:\Users\Filipe\.m2\repository\javax\persistence\javax.persistence-api\2.2\javax.persistence-api-2.2.jar;C:\Users\Filipe\.m2\repository\org\javassist\javassist\3.23.2-GA\javassist-3.23.2-GA.jar;C:\Users\Filipe\.m2\repository\net\bytebuddy\byte-buddy\1.9.16\byte-buddy-1.9.16.jar;C:\Users\Filipe\.m2\repository\antlr\antlr\2.7.7\antlr-2.7.7.jar;C:\Users\Filipe\.m2\repository\org\jboss\jandex\2.0.5.Final\jandex-2.0.5.Final.jar;C:\Users\Filipe\.m2\repository\com\fasterxml\classmate\1.4.0\classmate-1.4.0.jar;C:\Users\Filipe\.m2\repository\org\dom4j\dom4j\2.1.1\dom4j-2.1.1.jar;C:\Users\Filipe\.m2\repository\org\hibernate\common\hibernate-commons-annotations\5.0.4.Final\hibernate-commons-annotations-5.0.4.Final.jar;C:\Users\Filipe\.m2\repository\org\glassfish\jaxb\jaxb-runtime\2.3.1\jaxb-runtime-2.3.1.jar;C:\Users\Filipe\.m2\repository\org\glassfish\jaxb\txw2\2.3.1\txw2-2.3.1.jar;C:\Users\Filipe\.m2\repository\com\sun\istack\istack-commons-runtime\3.0.7\istack-commons-runtime-3.0.7.jar;C:\Users\Filipe\.m2\repository\org\jvnet\staxex\stax-ex\1.8\stax-ex-1.8.jar;C:\Users\Filipe\.m2\repository\com\sun\xml\fastinfoset\FastInfoset\1.2.15\FastInfoset-1.2.15.jar;C:\Users\Filipe\.m2\repository\org\springframework\data\spring-data-jpa\2.1.11.RELEASE\spring-data-jpa-2.1.11.RELEASE.jar;C:\Users\Filipe\.m2\repository\org\springframework\data\spring-data-commons\2.1.11.RELEASE\spring-data-commons-2.1.11.RELEASE.jar;C:\Users\Filipe\.m2\repository\org\springframework\spring-orm\5.1.10.RELEASE\spring-orm-5.1.10.RELEASE.jar;C:\Users\Filipe\.m2\repository\org\springframework\spring-tx\5.1.10.RELEASE\spring-tx-5.1.10.RELEASE.jar;C:\Users\Filipe\.m2\repository\org\springframework\spring-aspects\5.1.10.RELEASE\spring-aspects-5.1.10.RELEASE.jar;C:\Users\Filipe\.m2\repository\org\springframework\boot\spring-boot-starter-web\2.1.9.RELEASE\spring-boot-starter-web-2.1.9.RELEASE.jar;C:\Users\Filipe\.m2\repository\org\springframework\boot\spring-boot-starter\2.1.9.RELEASE\spring-boot-starter-2.1.9.RELEASE.jar;C:\Users\Filipe\.m2\repository\org\springframework\boot\spring-boot-starter-logging\2.1.9.RELEASE\spring-boot-starter-logging-2.1.9.RELEASE.jar;C:\Users\Filipe\.m2\repository\ch\qos\logback\logback-classic\1.2.3\logback-classic-1.2.3.jar;C:\Users\Filipe\.m2\repository\ch\qos\logback\logback-core\1.2.3\logback-core-1.2.3.jar;C:\Users\Filipe\.m2\repository\org\apache\logging\log4j\log4j-to-slf4j\2.11.2\log4j-to-slf4j-2.11.2.jar;C:\Users\Filipe\.m2\repository\org\apache\logging\log4j\log4j-api\2.11.2\log4j-api-2.11.2.jar;C:\Users\Filipe\.m2\repository\org\slf4j\jul-to-slf4j\1.7.28\jul-to-slf4j-1.7.28.jar;C:\Users\Filipe\.m2\repository\javax\annotation\javax.annotation-api\1.3.2\javax.annotation-api-1.3.2.jar;C:\Users\Filipe\.m2\repository\org\yaml\snakeyaml\1.23\snakeyaml-1.23.jar;C:\Users\Filipe\.m2\repository\org\springframework\boot\spring-boot-starter-json\2.1.9.RELEASE\spring-boot-starter-json-2.1.9.RELEASE.jar;C:\Users\Filipe\.m2\repository\com\fasterxml\jackson\datatype\jackson-datatype-jdk8\2.9.9\jackson-datatype-jdk8-2.9.9.jar;C:\Users\Filipe\.m2\repository\com\fasterxml\jackson\module\jackson-module-parameter-names\2.9.9\jackson-module-parameter-names-2.9.9.jar;C:\Users\Filipe\.m2\repository\org\springframework\boot\spring-boot-starter-tomcat\2.1.9.RELEASE\spring-boot-starter-tomcat-2.1.9.RELEASE.jar;C:\Users\Filipe\.m2\repository\org\apache\tomcat\embed\tomcat-embed-core\9.0.26\tomcat-embed-core-9.0.26.jar;C:\Users\Filipe\.m2\repository\org\apache\tomcat\embed\tomcat-embed-el\9.0.26\tomcat-embed-el-9.0.26.jar;C:\Users\Filipe\.m2\repository\org\apache\tomcat\embed\tomcat-embed-websocket\9.0.26\tomcat-embed-websocket-9.0.26.jar;C:\Users\Filipe\.m2\repository\org\hibernate\validator\hibernate-validator\6.0.17.Final\hibernate-validator-6.0.17.Final.jar;C:\Users\Filipe\.m2\repository\javax\validation\validation-api\2.0.1.Final\validation-api-2.0.1.Final.jar;C:\Users\Filipe\.m2\repository\org\springframework\spring-web\5.1.10.RELEASE\spring-web-5.1.10.RELEASE.jar;C:\Users\Filipe\.m2\repository\org\springframework\spring-webmvc\5.1.10.RELEASE\spring-webmvc-5.1.10.RELEASE.jar;C:\Users\Filipe\.m2\repository\org\springframework\spring-expression\5.1.10.RELEASE\spring-expression-5.1.10.RELEASE.jar;C:\Users\Filipe\.m2\repository\org\springframework\boot\spring-boot-starter-mail\2.1.9.RELEASE\spring-boot-starter-mail-2.1.9.RELEASE.jar;C:\Users\Filipe\.m2\repository\org\springframework\spring-context-support\5.1.10.RELEASE\spring-context-support-5.1.10.RELEASE.jar;C:\Users\Filipe\.m2\repository\com\sun\mail\javax.mail\1.6.2\javax.mail-1.6.2.jar;C:\Users\Filipe\.m2\repository\javax\activation\activation\1.1\activation-1.1.jar;C:\Users\Filipe\.m2\repository\org\springframework\boot\spring-boot-devtools\2.1.9.RELEASE\spring-boot-devtools-2.1.9.RELEASE.jar;C:\Users\Filipe\.m2\repository\org\springframework\boot\spring-boot\2.1.9.RELEASE\spring-boot-2.1.9.RELEASE.jar;C:\Users\Filipe\.m2\repository\org\springframework\boot\spring-boot-autoconfigure\2.1.9.RELEASE\spring-boot-autoconfigure-2.1.9.RELEASE.jar;C:\Users\Filipe\.m2\repository\org\springframework\boot\spring-boot-starter-test\2.1.9.RELEASE\spring-boot-starter-test-2.1.9.RELEASE.jar;C:\Users\Filipe\.m2\repository\org\springframework\boot\spring-boot-test\2.1.9.RELEASE\spring-boot-test-2.1.9.RELEASE.jar;C:\Users\Filipe\.m2\repository\org\springframework\boot\spring-boot-test-autoconfigure\2.1.9.RELEASE\spring-boot-test-autoconfigure-2.1.9.RELEASE.jar;C:\Users\Filipe\.m2\repository\com\jayway\jsonpath\json-path\2.4.0\json-path-2.4.0.jar;C:\Users\Filipe\.m2\repository\net\minidev\json-smart\2.3\json-smart-2.3.jar;C:\Users\Filipe\.m2\repository\net\minidev\accessors-smart\1.2\accessors-smart-1.2.jar;C:\Users\Filipe\.m2\repository\org\ow2\asm\asm\5.0.4\asm-5.0.4.jar;C:\Users\Filipe\.m2\repository\junit\junit\4.12\junit-4.12.jar;C:\Users\Filipe\.m2\repository\org\assertj\assertj-core\3.11.1\assertj-core-3.11.1.jar;C:\Users\Filipe\.m2\repository\org\mockito\mockito-core\2.23.4\mockito-core-2.23.4.jar;C:\Users\Filipe\.m2\repository\net\bytebuddy\byte-buddy-agent\1.9.16\byte-buddy-agent-1.9.16.jar;C:\Users\Filipe\.m2\repository\org\objenesis\objenesis\2.6\objenesis-2.6.jar;C:\Users\Filipe\.m2\repository\org\hamcrest\hamcrest-core\1.3\hamcrest-core-1.3.jar;C:\Users\Filipe\.m2\repository\org\hamcrest\hamcrest-library\1.3\hamcrest-library-1.3.jar;C:\Users\Filipe\.m2\repository\org\skyscreamer\jsonassert\1.5.0\jsonassert-1.5.0.jar;C:\Users\Filipe\.m2\repository\com\vaadin\external\google\android-json\0.0.20131108.vaadin1\android-json-0.0.20131108.vaadin1.jar;C:\Users\Filipe\.m2\repository\org\springframework\spring-core\5.1.10.RELEASE\spring-core-5.1.10.RELEASE.jar;C:\Users\Filipe\.m2\repository\org\springframework\spring-jcl\5.1.10.RELEASE\spring-jcl-5.1.10.RELEASE.jar;C:\Users\Filipe\.m2\repository\org\springframework\spring-test\5.1.10.RELEASE\spring-test-5.1.10.RELEASE.jar;C:\Users\Filipe\.m2\repository\org\xmlunit\xmlunit-core\2.6.3\xmlunit-core-2.6.3.jar;C:\Users\Filipe\.m2\repository\org\springframework\boot\spring-boot-starter-thymeleaf\2.1.9.RELEASE\spring-boot-starter-thymeleaf-2.1.9.RELEASE.jar;C:\Users\Filipe\.m2\repository\org\thymeleaf\thymeleaf-spring5\3.0.11.RELEASE\thymeleaf-spring5-3.0.11.RELEASE.jar;C:\Users\Filipe\.m2\repository\org\thymeleaf\extras\thymeleaf-extras-java8time\3.0.4.RELEASE\thymeleaf-extras-java8time-3.0.4.RELEASE.jar;C:\Users\Filipe\.m2\repository\org\thymeleaf\thymeleaf\3.0.11.RELEASE\thymeleaf-3.0.11.RELEASE.jar;C:\Users\Filipe\.m2\repository\ognl\ognl\3.1.12\ognl-3.1.12.jar;C:\Users\Filipe\.m2\repository\org\attoparser\attoparser\2.0.5.RELEASE\attoparser-2.0.5.RELEASE.jar;C:\Users\Filipe\.m2\repository\org\unbescape\unbescape\1.1.6.RELEASE\unbescape-1.1.6.RELEASE.jar;C:\Users\Filipe\.m2\repository\org\slf4j\slf4j-api\1.7.28\slf4j-api-1.7.28.jar;C:\Users\Filipe\.m2\repository\mysql\mysql-connector-java\8.0.17\mysql-connector-java-8.0.17.jar;C:\Users\Filipe\.m2\repository\org\flywaydb\flyway-core\5.2.4\flyway-core-5.2.4.jar;C:\Users\Filipe\.m2\repository\org\hibernate\hibernate-java8\5.3.12.Final\hibernate-java8-5.3.12.Final.jar;C:\Users\Filipe\.m2\repository\org\jboss\logging\jboss-logging\3.3.3.Final\jboss-logging-3.3.3.Final.jar;C:\Users\Filipe\.m2\repository\com\fasterxml\jackson\datatype\jackson-datatype-jsr310\2.9.9\jackson-datatype-jsr310-2.9.9.jar;C:\Users\Filipe\.m2\repository\com\fasterxml\jackson\core\jackson-annotations\2.9.0\jackson-annotations-2.9.0.jar;C:\Users\Filipe\.m2\repository\com\fasterxml\jackson\core\jackson-core\2.9.9\jackson-core-2.9.9.jar;C:\Users\Filipe\.m2\repository\com\fasterxml\jackson\core\jackson-databind\2.9.9.3\jackson-databind-2.9.9.3.jar;C:\Users\Filipe\.m2\repository\org\apache\commons\commons-lang3\3.4\commons-lang3-3.4.jar;C:\Users\Filipe\.m2\repository\org\springframework\boot\spring-boot-starter-security\2.1.9.RELEASE\spring-boot-starter-security-2.1.9.RELEASE.jar;C:\Users\Filipe\.m2\repository\org\springframework\spring-aop\5.1.10.RELEASE\spring-aop-5.1.10.RELEASE.jar;C:\Users\Filipe\.m2\repository\org\springframework\security\spring-security-config\5.1.6.RELEASE\spring-security-config-5.1.6.RELEASE.jar;C:\Users\Filipe\.m2\repository\org\springframework\security\spring-security-web\5.1.6.RELEASE\spring-security-web-5.1.6.RELEASE.jar;C:\Users\Filipe\.m2\repository\org\springframework\security\oauth\spring-security-oauth2\2.3.6.RELEASE\spring-security-oauth2-2.3.6.RELEASE.jar;C:\Users\Filipe\.m2\repository\org\springframework\spring-beans\5.1.10.RELEASE\spring-beans-5.1.10.RELEASE.jar;C:\Users\Filipe\.m2\repository\org\springframework\spring-context\5.1.10.RELEASE\spring-context-5.1.10.RELEASE.jar;C:\Users\Filipe\.m2\repository\org\springframework\security\spring-security-core\5.1.6.RELEASE\spring-security-core-5.1.6.RELEASE.jar;C:\Users\Filipe\.m2\repository\commons-codec\commons-codec\1.11\commons-codec-1.11.jar;C:\Users\Filipe\.m2\repository\org\codehaus\jackson\jackson-mapper-asl\1.9.13\jackson-mapper-asl-1.9.13.jar;C:\Users\Filipe\.m2\repository\org\codehaus\jackson\jackson-core-asl\1.9.13\jackson-core-asl-1.9.13.jar;C:\Users\Filipe\.m2\repository\org\springframework\security\spring-security-jwt\1.0.10.RELEASE\spring-security-jwt-1.0.10.RELEASE.jar;C:\Users\Filipe\.m2\repository\org\bouncycastle\bcpkix-jdk15on\1.60\bcpkix-jdk15on-1.60.jar;C:\Users\Filipe\.m2\repository\org\bouncycastle\bcprov-jdk15on\1.60\bcprov-jdk15on-1.60.jar;C:\Users\Filipe\.m2\repository\org\springframework\boot\spring-boot-configuration-processor\2.1.9.RELEASE\spring-boot-configuration-processor-2.1.9.RELEASE.jar;C:\Users\Filipe\.m2\repository\net\sf\jasperreports\jasperreports\6.5.1\jasperreports-6.5.1.jar;C:\Users\Filipe\.m2\repository\commons-beanutils\commons-beanutils\1.9.3\commons-beanutils-1.9.3.jar;C:\Users\Filipe\.m2\repository\commons-collections\commons-collections\3.2.2\commons-collections-3.2.2.jar;C:\Users\Filipe\.m2\repository\commons-digester\commons-digester\2.1\commons-digester-2.1.jar;C:\Users\Filipe\.m2\repository\commons-logging\commons-logging\1.1.1\commons-logging-1.1.1.jar;C:\Users\Filipe\.m2\repository\com\lowagie\itext\2.1.7.js6\itext-2.1.7.js6.jar;C:\Users\Filipe\.m2\repository\org\jfree\jcommon\1.0.23\jcommon-1.0.23.jar;C:\Users\Filipe\.m2\repository\org\jfree\jfreechart\1.0.19\jfreechart-1.0.19.jar;C:\Users\Filipe\.m2\repository\org\eclipse\jdt\core\compiler\ecj\4.4.2\ecj-4.4.2.jar;C:\Users\Filipe\.m2\repository\org\codehaus\castor\castor-xml\1.3.3\castor-xml-1.3.3.jar;C:\Users\Filipe\.m2\repository\org\codehaus\castor\castor-core\1.3.3\castor-core-1.3.3.jar;C:\Users\Filipe\.m2\repository\commons-lang\commons-lang\2.6\commons-lang-2.6.jar;C:\Users\Filipe\.m2\repository\javax\inject\javax.inject\1\javax.inject-1.jar;C:\Users\Filipe\.m2\repository\stax\stax\1.2.0\stax-1.2.0.jar;C:\Users\Filipe\.m2\repository\stax\stax-api\1.0.1\stax-api-1.0.1.jar;C:\Users\Filipe\.m2\repository\javax\xml\stream\stax-api\1.0-2\stax-api-1.0-2.jar;C:\Users\Filipe\.m2\repository\org\apache\lucene\lucene-core\4.5.1\lucene-core-4.5.1.jar;C:\Users\Filipe\.m2\repository\org\apache\lucene\lucene-analyzers-common\4.5.1\lucene-analyzers-common-4.5.1.jar;C:\Users\Filipe\.m2\repository\org\apache\lucene\lucene-queryparser\4.5.1\lucene-queryparser-4.5.1.jar;C:\Users\Filipe\.m2\repository\org\apache\lucene\lucene-queries\4.5.1\lucene-queries-4.5.1.jar;C:\Users\Filipe\.m2\repository\org\apache\lucene\lucene-sandbox\4.5.1\lucene-sandbox-4.5.1.jar;C:\Users\Filipe\.m2\repository\jakarta-regexp\jakarta-regexp\1.4\jakarta-regexp-1.4.jar;C:\Users\Filipe\.m2\repository\org\olap4j\olap4j\0.9.7.309-JS-3\olap4j-0.9.7.309-JS-3.jar;C:\Users\Filipe\.m2\repository\com\google\zxing\core\3.2.1\core-3.2.1.jar;C:\Users\Filipe\.m2\repository\com\ibm\icu\icu4j\57.1\icu4j-57.1.jar;C:\Users\Filipe\.m2\repository\net\sf\jasperreports\jasperreports-functions\6.5.1\jasperreports-functions-6.5.1.jar;C:\Users\Filipe\.m2\repository\joda-time\joda-time\2.10.4\joda-time-2.10.4.jar;C:\Users\Filipe\.m2\repository\net\sf\jasperreports\jasperreports-fonts\6.0.0\jasperreports-fonts-6.0.0.jar;C:\Users\Filipe\.m2\repository\com\amazonaws\aws-java-sdk\1.11.274\aws-java-sdk-1.11.274.jar;C:\Users\Filipe\.m2\repository\com\amazonaws\aws-java-sdk-transcribe\1.11.274\aws-java-sdk-transcribe-1.11.274.jar;C:\Users\Filipe\.m2\repository\com\amazonaws\jmespath-java\1.11.274\jmespath-java-1.11.274.jar;C:\Users\Filipe\.m2\repository\com\amazonaws\aws-java-sdk-autoscalingplans\1.11.274\aws-java-sdk-autoscalingplans-1.11.274.jar;C:\Users\Filipe\.m2\repository\com\amazonaws\aws-java-sdk-workmail\1.11.274\aws-java-sdk-workmail-1.11.274.jar;C:\Users\Filipe\.m2\repository\com\amazonaws\aws-java-sdk-servicediscovery\1.11.274\aws-java-sdk-servicediscovery-1.11.274.jar;C:\Users\Filipe\.m2\repository\com\amazonaws\aws-java-sdk-cloud9\1.11.274\aws-java-sdk-cloud9-1.11.274.jar;C:\Users\Filipe\.m2\repository\com\amazonaws\aws-java-sdk-serverlessapplicationrepository\1.11.274\aws-java-sdk-serverlessapplicationrepository-1.11.274.jar;C:\Users\Filipe\.m2\repository\com\amazonaws\aws-java-sdk-alexaforbusiness\1.11.274\aws-java-sdk-alexaforbusiness-1.11.274.jar;C:\Users\Filipe\.m2\repository\com\amazonaws\aws-java-sdk-resourcegroups\1.11.274\aws-java-sdk-resourcegroups-1.11.274.jar;C:\Users\Filipe\.m2\repository\com\amazonaws\aws-java-sdk-comprehend\1.11.274\aws-java-sdk-comprehend-1.11.274.jar;C:\Users\Filipe\.m2\repository\com\amazonaws\aws-java-sdk-translate\1.11.274\aws-java-sdk-translate-1.11.274.jar;C:\Users\Filipe\.m2\repository\com\amazonaws\aws-java-sdk-sagemaker\1.11.274\aws-java-sdk-sagemaker-1.11.274.jar;C:\Users\Filipe\.m2\repository\com\amazonaws\aws-java-sdk-iotjobsdataplane\1.11.274\aws-java-sdk-iotjobsdataplane-1.11.274.jar;C:\Users\Filipe\.m2\repository\com\amazonaws\aws-java-sdk-sagemakerruntime\1.11.274\aws-java-sdk-sagemakerruntime-1.11.274.jar;C:\Users\Filipe\.m2\repository\com\amazonaws\aws-java-sdk-kinesisvideo\1.11.274\aws-java-sdk-kinesisvideo-1.11.274.jar;C:\Users\Filipe\.m2\repository\io\netty\netty-codec-http\4.1.39.Final\netty-codec-http-4.1.39.Final.jar;C:\Users\Filipe\.m2\repository\io\netty\netty-common\4.1.39.Final\netty-common-4.1.39.Final.jar;C:\Users\Filipe\.m2\repository\io\netty\netty-buffer\4.1.39.Final\netty-buffer-4.1.39.Final.jar;C:\Users\Filipe\.m2\repository\io\netty\netty-transport\4.1.39.Final\netty-transport-4.1.39.Final.jar;C:\Users\Filipe\.m2\repository\io\netty\netty-resolver\4.1.39.Final\netty-resolver-4.1.39.Final.jar;C:\Users\Filipe\.m2\repository\io\netty\netty-codec\4.1.39.Final\netty-codec-4.1.39.Final.jar;C:\Users\Filipe\.m2\repository\io\netty\netty-handler\4.1.39.Final\netty-handler-4.1.39.Final.jar;C:\Users\Filipe\.m2\repository\com\amazonaws\aws-java-sdk-appsync\1.11.274\aws-java-sdk-appsync-1.11.274.jar;C:\Users\Filipe\.m2\repository\com\amazonaws\aws-java-sdk-guardduty\1.11.274\aws-java-sdk-guardduty-1.11.274.jar;C:\Users\Filipe\.m2\repository\com\amazonaws\aws-java-sdk-mq\1.11.274\aws-java-sdk-mq-1.11.274.jar;C:\Users\Filipe\.m2\repository\com\amazonaws\aws-java-sdk-mediaconvert\1.11.274\aws-java-sdk-mediaconvert-1.11.274.jar;C:\Users\Filipe\.m2\repository\com\amazonaws\aws-java-sdk-mediastore\1.11.274\aws-java-sdk-mediastore-1.11.274.jar;C:\Users\Filipe\.m2\repository\com\amazonaws\aws-java-sdk-mediastoredata\1.11.274\aws-java-sdk-mediastoredata-1.11.274.jar;C:\Users\Filipe\.m2\repository\com\amazonaws\aws-java-sdk-medialive\1.11.274\aws-java-sdk-medialive-1.11.274.jar;C:\Users\Filipe\.m2\repository\com\amazonaws\aws-java-sdk-mediapackage\1.11.274\aws-java-sdk-mediapackage-1.11.274.jar;C:\Users\Filipe\.m2\repository\com\amazonaws\aws-java-sdk-costexplorer\1.11.274\aws-java-sdk-costexplorer-1.11.274.jar;C:\Users\Filipe\.m2\repository\com\amazonaws\aws-java-sdk-pricing\1.11.274\aws-java-sdk-pricing-1.11.274.jar;C:\Users\Filipe\.m2\repository\com\amazonaws\aws-java-sdk-mobile\1.11.274\aws-java-sdk-mobile-1.11.274.jar;C:\Users\Filipe\.m2\repository\com\amazonaws\aws-java-sdk-cloudhsmv2\1.11.274\aws-java-sdk-cloudhsmv2-1.11.274.jar;C:\Users\Filipe\.m2\repository\com\amazonaws\aws-java-sdk-glue\1.11.274\aws-java-sdk-glue-1.11.274.jar;C:\Users\Filipe\.m2\repository\com\amazonaws\aws-java-sdk-migrationhub\1.11.274\aws-java-sdk-migrationhub-1.11.274.jar;C:\Users\Filipe\.m2\repository\com\amazonaws\aws-java-sdk-dax\1.11.274\aws-java-sdk-dax-1.11.274.jar;C:\Users\Filipe\.m2\repository\com\amazonaws\aws-java-sdk-greengrass\1.11.274\aws-java-sdk-greengrass-1.11.274.jar;C:\Users\Filipe\.m2\repository\com\amazonaws\aws-java-sdk-athena\1.11.274\aws-java-sdk-athena-1.11.274.jar;C:\Users\Filipe\.m2\repository\com\amazonaws\aws-java-sdk-marketplaceentitlement\1.11.274\aws-java-sdk-marketplaceentitlement-1.11.274.jar;C:\Users\Filipe\.m2\repository\com\amazonaws\aws-java-sdk-codestar\1.11.274\aws-java-sdk-codestar-1.11.274.jar;C:\Users\Filipe\.m2\repository\com\amazonaws\aws-java-sdk-lexmodelbuilding\1.11.274\aws-java-sdk-lexmodelbuilding-1.11.274.jar;C:\Users\Filipe\.m2\repository\com\amazonaws\aws-java-sdk-resourcegroupstaggingapi\1.11.274\aws-java-sdk-resourcegroupstaggingapi-1.11.274.jar;C:\Users\Filipe\.m2\repository\com\amazonaws\aws-java-sdk-pinpoint\1.11.274\aws-java-sdk-pinpoint-1.11.274.jar;C:\Users\Filipe\.m2\repository\com\amazonaws\aws-java-sdk-xray\1.11.274\aws-java-sdk-xray-1.11.274.jar;C:\Users\Filipe\.m2\repository\com\amazonaws\aws-java-sdk-opsworkscm\1.11.274\aws-java-sdk-opsworkscm-1.11.274.jar;C:\Users\Filipe\.m2\repository\com\amazonaws\aws-java-sdk-support\1.11.274\aws-java-sdk-support-1.11.274.jar;C:\Users\Filipe\.m2\repository\com\amazonaws\aws-java-sdk-simpledb\1.11.274\aws-java-sdk-simpledb-1.11.274.jar;C:\Users\Filipe\.m2\repository\com\amazonaws\aws-java-sdk-servicecatalog\1.11.274\aws-java-sdk-servicecatalog-1.11.274.jar;C:\Users\Filipe\.m2\repository\com\amazonaws\aws-java-sdk-servermigration\1.11.274\aws-java-sdk-servermigration-1.11.274.jar;C:\Users\Filipe\.m2\repository\com\amazonaws\aws-java-sdk-simpleworkflow\1.11.274\aws-java-sdk-simpleworkflow-1.11.274.jar;C:\Users\Filipe\.m2\repository\com\amazonaws\aws-java-sdk-storagegateway\1.11.274\aws-java-sdk-storagegateway-1.11.274.jar;C:\Users\Filipe\.m2\repository\com\amazonaws\aws-java-sdk-route53\1.11.274\aws-java-sdk-route53-1.11.274.jar;C:\Users\Filipe\.m2\repository\com\amazonaws\aws-java-sdk-s3\1.11.274\aws-java-sdk-s3-1.11.274.jar;C:\Users\Filipe\.m2\repository\com\amazonaws\aws-java-sdk-importexport\1.11.274\aws-java-sdk-importexport-1.11.274.jar;C:\Users\Filipe\.m2\repository\com\amazonaws\aws-java-sdk-sts\1.11.274\aws-java-sdk-sts-1.11.274.jar;C:\Users\Filipe\.m2\repository\com\amazonaws\aws-java-sdk-sqs\1.11.274\aws-java-sdk-sqs-1.11.274.jar;C:\Users\Filipe\.m2\repository\com\amazonaws\aws-java-sdk-rds\1.11.274\aws-java-sdk-rds-1.11.274.jar;C:\Users\Filipe\.m2\repository\com\amazonaws\aws-java-sdk-redshift\1.11.274\aws-java-sdk-redshift-1.11.274.jar;C:\Users\Filipe\.m2\repository\com\amazonaws\aws-java-sdk-elasticbeanstalk\1.11.274\aws-java-sdk-elasticbeanstalk-1.11.274.jar;C:\Users\Filipe\.m2\repository\com\amazonaws\aws-java-sdk-glacier\1.11.274\aws-java-sdk-glacier-1.11.274.jar;C:\Users\Filipe\.m2\repository\com\amazonaws\aws-java-sdk-iam\1.11.274\aws-java-sdk-iam-1.11.274.jar;C:\Users\Filipe\.m2\repository\com\amazonaws\aws-java-sdk-datapipeline\1.11.274\aws-java-sdk-datapipeline-1.11.274.jar;C:\Users\Filipe\.m2\repository\com\amazonaws\aws-java-sdk-elasticloadbalancing\1.11.274\aws-java-sdk-elasticloadbalancing-1.11.274.jar;C:\Users\Filipe\.m2\repository\com\amazonaws\aws-java-sdk-elasticloadbalancingv2\1.11.274\aws-java-sdk-elasticloadbalancingv2-1.11.274.jar;C:\Users\Filipe\.m2\repository\com\amazonaws\aws-java-sdk-emr\1.11.274\aws-java-sdk-emr-1.11.274.jar;C:\Users\Filipe\.m2\repository\com\amazonaws\aws-java-sdk-elasticache\1.11.274\aws-java-sdk-elasticache-1.11.274.jar;C:\Users\Filipe\.m2\repository\com\amazonaws\aws-java-sdk-elastictranscoder\1.11.274\aws-java-sdk-elastictranscoder-1.11.274.jar;C:\Users\Filipe\.m2\repository\com\amazonaws\aws-java-sdk-ec2\1.11.274\aws-java-sdk-ec2-1.11.274.jar;C:\Users\Filipe\.m2\repository\com\amazonaws\aws-java-sdk-dynamodb\1.11.274\aws-java-sdk-dynamodb-1.11.274.jar;C:\Users\Filipe\.m2\repository\com\amazonaws\aws-java-sdk-sns\1.11.274\aws-java-sdk-sns-1.11.274.jar;C:\Users\Filipe\.m2\repository\com\amazonaws\aws-java-sdk-budgets\1.11.274\aws-java-sdk-budgets-1.11.274.jar;C:\Users\Filipe\.m2\repository\com\amazonaws\aws-java-sdk-cloudtrail\1.11.274\aws-java-sdk-cloudtrail-1.11.274.jar;C:\Users\Filipe\.m2\repository\com\amazonaws\aws-java-sdk-cloudwatch\1.11.274\aws-java-sdk-cloudwatch-1.11.274.jar;C:\Users\Filipe\.m2\repository\com\amazonaws\aws-java-sdk-logs\1.11.274\aws-java-sdk-logs-1.11.274.jar;C:\Users\Filipe\.m2\repository\com\amazonaws\aws-java-sdk-events\1.11.274\aws-java-sdk-events-1.11.274.jar;C:\Users\Filipe\.m2\repository\com\amazonaws\aws-java-sdk-cognitoidentity\1.11.274\aws-java-sdk-cognitoidentity-1.11.274.jar;C:\Users\Filipe\.m2\repository\com\amazonaws\aws-java-sdk-cognitosync\1.11.274\aws-java-sdk-cognitosync-1.11.274.jar;C:\Users\Filipe\.m2\repository\com\amazonaws\aws-java-sdk-directconnect\1.11.274\aws-java-sdk-directconnect-1.11.274.jar;C:\Users\Filipe\.m2\repository\com\amazonaws\aws-java-sdk-cloudformation\1.11.274\aws-java-sdk-cloudformation-1.11.274.jar;C:\Users\Filipe\.m2\repository\com\amazonaws\aws-java-sdk-cloudfront\1.11.274\aws-java-sdk-cloudfront-1.11.274.jar;C:\Users\Filipe\.m2\repository\com\amazonaws\aws-java-sdk-clouddirectory\1.11.274\aws-java-sdk-clouddirectory-1.11.274.jar;C:\Users\Filipe\.m2\repository\com\amazonaws\aws-java-sdk-kinesis\1.11.274\aws-java-sdk-kinesis-1.11.274.jar;C:\Users\Filipe\.m2\repository\com\amazonaws\aws-java-sdk-opsworks\1.11.274\aws-java-sdk-opsworks-1.11.274.jar;C:\Users\Filipe\.m2\repository\com\amazonaws\aws-java-sdk-ses\1.11.274\aws-java-sdk-ses-1.11.274.jar;C:\Users\Filipe\.m2\repository\com\amazonaws\aws-java-sdk-autoscaling\1.11.274\aws-java-sdk-autoscaling-1.11.274.jar;C:\Users\Filipe\.m2\repository\com\amazonaws\aws-java-sdk-cloudsearch\1.11.274\aws-java-sdk-cloudsearch-1.11.274.jar;C:\Users\Filipe\.m2\repository\com\amazonaws\aws-java-sdk-cloudwatchmetrics\1.11.274\aws-java-sdk-cloudwatchmetrics-1.11.274.jar;C:\Users\Filipe\.m2\repository\com\amazonaws\aws-java-sdk-codedeploy\1.11.274\aws-java-sdk-codedeploy-1.11.274.jar;C:\Users\Filipe\.m2\repository\com\amazonaws\aws-java-sdk-codepipeline\1.11.274\aws-java-sdk-codepipeline-1.11.274.jar;C:\Users\Filipe\.m2\repository\com\amazonaws\aws-java-sdk-kms\1.11.274\aws-java-sdk-kms-1.11.274.jar;C:\Users\Filipe\.m2\repository\com\amazonaws\aws-java-sdk-config\1.11.274\aws-java-sdk-config-1.11.274.jar;C:\Users\Filipe\.m2\repository\com\amazonaws\aws-java-sdk-lambda\1.11.274\aws-java-sdk-lambda-1.11.274.jar;C:\Users\Filipe\.m2\repository\com\amazonaws\aws-java-sdk-ecs\1.11.274\aws-java-sdk-ecs-1.11.274.jar;C:\Users\Filipe\.m2\repository\com\amazonaws\aws-java-sdk-ecr\1.11.274\aws-java-sdk-ecr-1.11.274.jar;C:\Users\Filipe\.m2\repository\com\amazonaws\aws-java-sdk-cloudhsm\1.11.274\aws-java-sdk-cloudhsm-1.11.274.jar;C:\Users\Filipe\.m2\repository\com\amazonaws\aws-java-sdk-ssm\1.11.274\aws-java-sdk-ssm-1.11.274.jar;C:\Users\Filipe\.m2\repository\com\amazonaws\aws-java-sdk-workspaces\1.11.274\aws-java-sdk-workspaces-1.11.274.jar;C:\Users\Filipe\.m2\repository\com\amazonaws\aws-java-sdk-machinelearning\1.11.274\aws-java-sdk-machinelearning-1.11.274.jar;C:\Users\Filipe\.m2\repository\com\amazonaws\aws-java-sdk-directory\1.11.274\aws-java-sdk-directory-1.11.274.jar;C:\Users\Filipe\.m2\repository\com\amazonaws\aws-java-sdk-efs\1.11.274\aws-java-sdk-efs-1.11.274.jar;C:\Users\Filipe\.m2\repository\com\amazonaws\aws-java-sdk-codecommit\1.11.274\aws-java-sdk-codecommit-1.11.274.jar;C:\Users\Filipe\.m2\repository\com\amazonaws\aws-java-sdk-devicefarm\1.11.274\aws-java-sdk-devicefarm-1.11.274.jar;C:\Users\Filipe\.m2\repository\com\amazonaws\aws-java-sdk-elasticsearch\1.11.274\aws-java-sdk-elasticsearch-1.11.274.jar;C:\Users\Filipe\.m2\repository\com\amazonaws\aws-java-sdk-waf\1.11.274\aws-java-sdk-waf-1.11.274.jar;C:\Users\Filipe\.m2\repository\com\amazonaws\aws-java-sdk-marketplacecommerceanalytics\1.11.274\aws-java-sdk-marketplacecommerceanalytics-1.11.274.jar;C:\Users\Filipe\.m2\repository\com\amazonaws\aws-java-sdk-inspector\1.11.274\aws-java-sdk-inspector-1.11.274.jar;C:\Users\Filipe\.m2\repository\com\amazonaws\aws-java-sdk-iot\1.11.274\aws-java-sdk-iot-1.11.274.jar;C:\Users\Filipe\.m2\repository\com\amazonaws\aws-java-sdk-api-gateway\1.11.274\aws-java-sdk-api-gateway-1.11.274.jar;C:\Users\Filipe\.m2\repository\com\amazonaws\aws-java-sdk-acm\1.11.274\aws-java-sdk-acm-1.11.274.jar;C:\Users\Filipe\.m2\repository\com\amazonaws\aws-java-sdk-gamelift\1.11.274\aws-java-sdk-gamelift-1.11.274.jar;C:\Users\Filipe\.m2\repository\com\amazonaws\aws-java-sdk-dms\1.11.274\aws-java-sdk-dms-1.11.274.jar;C:\Users\Filipe\.m2\repository\com\amazonaws\aws-java-sdk-marketplacemeteringservice\1.11.274\aws-java-sdk-marketplacemeteringservice-1.11.274.jar;C:\Users\Filipe\.m2\repository\com\amazonaws\aws-java-sdk-cognitoidp\1.11.274\aws-java-sdk-cognitoidp-1.11.274.jar;C:\Users\Filipe\.m2\repository\com\amazonaws\aws-java-sdk-discovery\1.11.274\aws-java-sdk-discovery-1.11.274.jar;C:\Users\Filipe\.m2\repository\com\amazonaws\aws-java-sdk-applicationautoscaling\1.11.274\aws-java-sdk-applicationautoscaling-1.11.274.jar;C:\Users\Filipe\.m2\repository\com\amazonaws\aws-java-sdk-snowball\1.11.274\aws-java-sdk-snowball-1.11.274.jar;C:\Users\Filipe\.m2\repository\com\amazonaws\aws-java-sdk-rekognition\1.11.274\aws-java-sdk-rekognition-1.11.274.jar;C:\Users\Filipe\.m2\repository\com\amazonaws\aws-java-sdk-polly\1.11.274\aws-java-sdk-polly-1.11.274.jar;C:\Users\Filipe\.m2\repository\com\amazonaws\aws-java-sdk-lightsail\1.11.274\aws-java-sdk-lightsail-1.11.274.jar;C:\Users\Filipe\.m2\repository\com\amazonaws\aws-java-sdk-stepfunctions\1.11.274\aws-java-sdk-stepfunctions-1.11.274.jar;C:\Users\Filipe\.m2\repository\com\amazonaws\aws-java-sdk-health\1.11.274\aws-java-sdk-health-1.11.274.jar;C:\Users\Filipe\.m2\repository\com\amazonaws\aws-java-sdk-costandusagereport\1.11.274\aws-java-sdk-costandusagereport-1.11.274.jar;C:\Users\Filipe\.m2\repository\com\amazonaws\aws-java-sdk-codebuild\1.11.274\aws-java-sdk-codebuild-1.11.274.jar;C:\Users\Filipe\.m2\repository\com\amazonaws\aws-java-sdk-appstream\1.11.274\aws-java-sdk-appstream-1.11.274.jar;C:\Users\Filipe\.m2\repository\com\amazonaws\aws-java-sdk-shield\1.11.274\aws-java-sdk-shield-1.11.274.jar;C:\Users\Filipe\.m2\repository\com\amazonaws\aws-java-sdk-batch\1.11.274\aws-java-sdk-batch-1.11.274.jar;C:\Users\Filipe\.m2\repository\com\amazonaws\aws-java-sdk-lex\1.11.274\aws-java-sdk-lex-1.11.274.jar;C:\Users\Filipe\.m2\repository\com\amazonaws\aws-java-sdk-mechanicalturkrequester\1.11.274\aws-java-sdk-mechanicalturkrequester-1.11.274.jar;C:\Users\Filipe\.m2\repository\com\amazonaws\aws-java-sdk-organizations\1.11.274\aws-java-sdk-organizations-1.11.274.jar;C:\Users\Filipe\.m2\repository\com\amazonaws\aws-java-sdk-workdocs\1.11.274\aws-java-sdk-workdocs-1.11.274.jar;C:\Users\Filipe\.m2\repository\com\amazonaws\aws-java-sdk-core\1.11.274\aws-java-sdk-core-1.11.274.jar;C:\Users\Filipe\.m2\repository\org\apache\httpcomponents\httpclient\4.5.10\httpclient-4.5.10.jar;C:\Users\Filipe\.m2\repository\org\apache\httpcomponents\httpcore\4.4.12\httpcore-4.4.12.jar;C:\Users\Filipe\.m2\repository\software\amazon\ion\ion-java\1.0.2\ion-java-1.0.2.jar;C:\Users\Filipe\.m2\repository\com\fasterxml\jackson\dataformat\jackson-dataformat-cbor\2.9.9\jackson-dataformat-cbor-2.9.9.jar;C:\Users\Filipe\.m2\repository\com\amazonaws\aws-java-sdk-models\1.11.274\aws-java-sdk-models-1.11.274.jar;C:\Users\Filipe\.m2\repository\com\amazonaws\aws-java-sdk-swf-libraries\1.11.22\aws-java-sdk-swf-libraries-1.11.22.jar;C:\Users\Filipe\.m2\repository\org\projectlombok\lombok\1.18.10\lombok-1.18.10.jar;"/>
    <property name="java.vm.vendor" value="Oracle Corporation"/>
    <property name="sun.arch.data.model" value="64"/>
    <property name="user.variant" value=""/>
    <property name="java.vendor.url" value="http://java.oracle.com/"/>
    <property name="user.timezone" value="America/Sao_Paulo"/>
    <property name="java.vm.specification.version" value="1.8"/>
    <property name="os.name" value="Windows 10"/>
    <property name="user.country" value="BR"/>
    <property name="sun.java.launcher" value="SUN_STANDARD"/>
    <property name="sun.boot.library.path" value="C:\Program Files\Java\jdk1.8.0_201\jre\bin"/>
    <property name="sun.java.command" value="C:\Users\Filipe\AppData\Local\Temp\surefire5817128330825387784\surefirebooter3383284445034889502.jar C:\Users\Filipe\AppData\Local\Temp\surefire5817128330825387784 2019-10-12T18-24-03_729-jvmRun1 surefire4277874957603773158tmp surefire_01634780425663950158tmp"/>
    <property name="surefire.test.class.path" value="C:\workingarea\financial-api\target\test-classes;C:\workingarea\financial-api\target\classes;C:\Users\Filipe\.m2\repository\org\springframework\boot\spring-boot-starter-data-jpa\2.1.9.RELEASE\spring-boot-starter-data-jpa-2.1.9.RELEASE.jar;C:\Users\Filipe\.m2\repository\org\springframework\boot\spring-boot-starter-aop\2.1.9.RELEASE\spring-boot-starter-aop-2.1.9.RELEASE.jar;C:\Users\Filipe\.m2\repository\org\aspectj\aspectjweaver\1.9.4\aspectjweaver-1.9.4.jar;C:\Users\Filipe\.m2\repository\org\springframework\boot\spring-boot-starter-jdbc\2.1.9.RELEASE\spring-boot-starter-jdbc-2.1.9.RELEASE.jar;C:\Users\Filipe\.m2\repository\com\zaxxer\HikariCP\3.2.0\HikariCP-3.2.0.jar;C:\Users\Filipe\.m2\repository\org\springframework\spring-jdbc\5.1.10.RELEASE\spring-jdbc-5.1.10.RELEASE.jar;C:\Users\Filipe\.m2\repository\javax\transaction\javax.transaction-api\1.3\javax.transaction-api-1.3.jar;C:\Users\Filipe\.m2\repository\javax\xml\bind\jaxb-api\2.3.1\jaxb-api-2.3.1.jar;C:\Users\Filipe\.m2\repository\javax\activation\javax.activation-api\1.2.0\javax.activation-api-1.2.0.jar;C:\Users\Filipe\.m2\repository\org\hibernate\hibernate-core\5.3.12.Final\hibernate-core-5.3.12.Final.jar;C:\Users\Filipe\.m2\repository\javax\persistence\javax.persistence-api\2.2\javax.persistence-api-2.2.jar;C:\Users\Filipe\.m2\repository\org\javassist\javassist\3.23.2-GA\javassist-3.23.2-GA.jar;C:\Users\Filipe\.m2\repository\net\bytebuddy\byte-buddy\1.9.16\byte-buddy-1.9.16.jar;C:\Users\Filipe\.m2\repository\antlr\antlr\2.7.7\antlr-2.7.7.jar;C:\Users\Filipe\.m2\repository\org\jboss\jandex\2.0.5.Final\jandex-2.0.5.Final.jar;C:\Users\Filipe\.m2\repository\com\fasterxml\classmate\1.4.0\classmate-1.4.0.jar;C:\Users\Filipe\.m2\repository\org\dom4j\dom4j\2.1.1\dom4j-2.1.1.jar;C:\Users\Filipe\.m2\repository\org\hibernate\common\hibernate-commons-annotations\5.0.4.Final\hibernate-commons-annotations-5.0.4.Final.jar;C:\Users\Filipe\.m2\repository\org\glassfish\jaxb\jaxb-runtime\2.3.1\jaxb-runtime-2.3.1.jar;C:\Users\Filipe\.m2\repository\org\glassfish\jaxb\txw2\2.3.1\txw2-2.3.1.jar;C:\Users\Filipe\.m2\repository\com\sun\istack\istack-commons-runtime\3.0.7\istack-commons-runtime-3.0.7.jar;C:\Users\Filipe\.m2\repository\org\jvnet\staxex\stax-ex\1.8\stax-ex-1.8.jar;C:\Users\Filipe\.m2\repository\com\sun\xml\fastinfoset\FastInfoset\1.2.15\FastInfoset-1.2.15.jar;C:\Users\Filipe\.m2\repository\org\springframework\data\spring-data-jpa\2.1.11.RELEASE\spring-data-jpa-2.1.11.RELEASE.jar;C:\Users\Filipe\.m2\repository\org\springframework\data\spring-data-commons\2.1.11.RELEASE\spring-data-commons-2.1.11.RELEASE.jar;C:\Users\Filipe\.m2\repository\org\springframework\spring-orm\5.1.10.RELEASE\spring-orm-5.1.10.RELEASE.jar;C:\Users\Filipe\.m2\repository\org\springframework\spring-tx\5.1.10.RELEASE\spring-tx-5.1.10.RELEASE.jar;C:\Users\Filipe\.m2\repository\org\springframework\spring-aspects\5.1.10.RELEASE\spring-aspects-5.1.10.RELEASE.jar;C:\Users\Filipe\.m2\repository\org\springframework\boot\spring-boot-starter-web\2.1.9.RELEASE\spring-boot-starter-web-2.1.9.RELEASE.jar;C:\Users\Filipe\.m2\repository\org\springframework\boot\spring-boot-starter\2.1.9.RELEASE\spring-boot-starter-2.1.9.RELEASE.jar;C:\Users\Filipe\.m2\repository\org\springframework\boot\spring-boot-starter-logging\2.1.9.RELEASE\spring-boot-starter-logging-2.1.9.RELEASE.jar;C:\Users\Filipe\.m2\repository\ch\qos\logback\logback-classic\1.2.3\logback-classic-1.2.3.jar;C:\Users\Filipe\.m2\repository\ch\qos\logback\logback-core\1.2.3\logback-core-1.2.3.jar;C:\Users\Filipe\.m2\repository\org\apache\logging\log4j\log4j-to-slf4j\2.11.2\log4j-to-slf4j-2.11.2.jar;C:\Users\Filipe\.m2\repository\org\apache\logging\log4j\log4j-api\2.11.2\log4j-api-2.11.2.jar;C:\Users\Filipe\.m2\repository\org\slf4j\jul-to-slf4j\1.7.28\jul-to-slf4j-1.7.28.jar;C:\Users\Filipe\.m2\repository\javax\annotation\javax.annotation-api\1.3.2\javax.annotation-api-1.3.2.jar;C:\Users\Filipe\.m2\repository\org\yaml\snakeyaml\1.23\snakeyaml-1.23.jar;C:\Users\Filipe\.m2\repository\org\springframework\boot\spring-boot-starter-json\2.1.9.RELEASE\spring-boot-starter-json-2.1.9.RELEASE.jar;C:\Users\Filipe\.m2\repository\com\fasterxml\jackson\datatype\jackson-datatype-jdk8\2.9.9\jackson-datatype-jdk8-2.9.9.jar;C:\Users\Filipe\.m2\repository\com\fasterxml\jackson\module\jackson-module-parameter-names\2.9.9\jackson-module-parameter-names-2.9.9.jar;C:\Users\Filipe\.m2\repository\org\springframework\boot\spring-boot-starter-tomcat\2.1.9.RELEASE\spring-boot-starter-tomcat-2.1.9.RELEASE.jar;C:\Users\Filipe\.m2\repository\org\apache\tomcat\embed\tomcat-embed-core\9.0.26\tomcat-embed-core-9.0.26.jar;C:\Users\Filipe\.m2\repository\org\apache\tomcat\embed\tomcat-embed-el\9.0.26\tomcat-embed-el-9.0.26.jar;C:\Users\Filipe\.m2\repository\org\apache\tomcat\embed\tomcat-embed-websocket\9.0.26\tomcat-embed-websocket-9.0.26.jar;C:\Users\Filipe\.m2\repository\org\hibernate\validator\hibernate-validator\6.0.17.Final\hibernate-validator-6.0.17.Final.jar;C:\Users\Filipe\.m2\repository\javax\validation\validation-api\2.0.1.Final\validation-api-2.0.1.Final.jar;C:\Users\Filipe\.m2\repository\org\springframework\spring-web\5.1.10.RELEASE\spring-web-5.1.10.RELEASE.jar;C:\Users\Filipe\.m2\repository\org\springframework\spring-webmvc\5.1.10.RELEASE\spring-webmvc-5.1.10.RELEASE.jar;C:\Users\Filipe\.m2\repository\org\springframework\spring-expression\5.1.10.RELEASE\spring-expression-5.1.10.RELEASE.jar;C:\Users\Filipe\.m2\repository\org\springframework\boot\spring-boot-starter-mail\2.1.9.RELEASE\spring-boot-starter-mail-2.1.9.RELEASE.jar;C:\Users\Filipe\.m2\repository\org\springframework\spring-context-support\5.1.10.RELEASE\spring-context-support-5.1.10.RELEASE.jar;C:\Users\Filipe\.m2\repository\com\sun\mail\javax.mail\1.6.2\javax.mail-1.6.2.jar;C:\Users\Filipe\.m2\repository\javax\activation\activation\1.1\activation-1.1.jar;C:\Users\Filipe\.m2\repository\org\springframework\boot\spring-boot-devtools\2.1.9.RELEASE\spring-boot-devtools-2.1.9.RELEASE.jar;C:\Users\Filipe\.m2\repository\org\springframework\boot\spring-boot\2.1.9.RELEASE\spring-boot-2.1.9.RELEASE.jar;C:\Users\Filipe\.m2\repository\org\springframework\boot\spring-boot-autoconfigure\2.1.9.RELEASE\spring-boot-autoconfigure-2.1.9.RELEASE.jar;C:\Users\Filipe\.m2\repository\org\springframework\boot\spring-boot-starter-test\2.1.9.RELEASE\spring-boot-starter-test-2.1.9.RELEASE.jar;C:\Users\Filipe\.m2\repository\org\springframework\boot\spring-boot-test\2.1.9.RELEASE\spring-boot-test-2.1.9.RELEASE.jar;C:\Users\Filipe\.m2\repository\org\springframework\boot\spring-boot-test-autoconfigure\2.1.9.RELEASE\spring-boot-test-autoconfigure-2.1.9.RELEASE.jar;C:\Users\Filipe\.m2\repository\com\jayway\jsonpath\json-path\2.4.0\json-path-2.4.0.jar;C:\Users\Filipe\.m2\repository\net\minidev\json-smart\2.3\json-smart-2.3.jar;C:\Users\Filipe\.m2\repository\net\minidev\accessors-smart\1.2\accessors-smart-1.2.jar;C:\Users\Filipe\.m2\repository\org\ow2\asm\asm\5.0.4\asm-5.0.4.jar;C:\Users\Filipe\.m2\repository\junit\junit\4.12\junit-4.12.jar;C:\Users\Filipe\.m2\repository\org\assertj\assertj-core\3.11.1\assertj-core-3.11.1.jar;C:\Users\Filipe\.m2\repository\org\mockito\mockito-core\2.23.4\mockito-core-2.23.4.jar;C:\Users\Filipe\.m2\repository\net\bytebuddy\byte-buddy-agent\1.9.16\byte-buddy-agent-1.9.16.jar;C:\Users\Filipe\.m2\repository\org\objenesis\objenesis\2.6\objenesis-2.6.jar;C:\Users\Filipe\.m2\repository\org\hamcrest\hamcrest-core\1.3\hamcrest-core-1.3.jar;C:\Users\Filipe\.m2\repository\org\hamcrest\hamcrest-library\1.3\hamcrest-library-1.3.jar;C:\Users\Filipe\.m2\repository\org\skyscreamer\jsonassert\1.5.0\jsonassert-1.5.0.jar;C:\Users\Filipe\.m2\repository\com\vaadin\external\google\android-json\0.0.20131108.vaadin1\android-json-0.0.20131108.vaadin1.jar;C:\Users\Filipe\.m2\repository\org\springframework\spring-core\5.1.10.RELEASE\spring-core-5.1.10.RELEASE.jar;C:\Users\Filipe\.m2\repository\org\springframework\spring-jcl\5.1.10.RELEASE\spring-jcl-5.1.10.RELEASE.jar;C:\Users\Filipe\.m2\repository\org\springframework\spring-test\5.1.10.RELEASE\spring-test-5.1.10.RELEASE.jar;C:\Users\Filipe\.m2\repository\org\xmlunit\xmlunit-core\2.6.3\xmlunit-core-2.6.3.jar;C:\Users\Filipe\.m2\repository\org\springframework\boot\spring-boot-starter-thymeleaf\2.1.9.RELEASE\spring-boot-starter-thymeleaf-2.1.9.RELEASE.jar;C:\Users\Filipe\.m2\repository\org\thymeleaf\thymeleaf-spring5\3.0.11.RELEASE\thymeleaf-spring5-3.0.11.RELEASE.jar;C:\Users\Filipe\.m2\repository\org\thymeleaf\extras\thymeleaf-extras-java8time\3.0.4.RELEASE\thymeleaf-extras-java8time-3.0.4.RELEASE.jar;C:\Users\Filipe\.m2\repository\org\thymeleaf\thymeleaf\3.0.11.RELEASE\thymeleaf-3.0.11.RELEASE.jar;C:\Users\Filipe\.m2\repository\ognl\ognl\3.1.12\ognl-3.1.12.jar;C:\Users\Filipe\.m2\repository\org\attoparser\attoparser\2.0.5.RELEASE\attoparser-2.0.5.RELEASE.jar;C:\Users\Filipe\.m2\repository\org\unbescape\unbescape\1.1.6.RELEASE\unbescape-1.1.6.RELEASE.jar;C:\Users\Filipe\.m2\repository\org\slf4j\slf4j-api\1.7.28\slf4j-api-1.7.28.jar;C:\Users\Filipe\.m2\repository\mysql\mysql-connector-java\8.0.17\mysql-connector-java-8.0.17.jar;C:\Users\Filipe\.m2\repository\org\flywaydb\flyway-core\5.2.4\flyway-core-5.2.4.jar;C:\Users\Filipe\.m2\repository\org\hibernate\hibernate-java8\5.3.12.Final\hibernate-java8-5.3.12.Final.jar;C:\Users\Filipe\.m2\repository\org\jboss\logging\jboss-logging\3.3.3.Final\jboss-logging-3.3.3.Final.jar;C:\Users\Filipe\.m2\repository\com\fasterxml\jackson\datatype\jackson-datatype-jsr310\2.9.9\jackson-datatype-jsr310-2.9.9.jar;C:\Users\Filipe\.m2\repository\com\fasterxml\jackson\core\jackson-annotations\2.9.0\jackson-annotations-2.9.0.jar;C:\Users\Filipe\.m2\repository\com\fasterxml\jackson\core\jackson-core\2.9.9\jackson-core-2.9.9.jar;C:\Users\Filipe\.m2\repository\com\fasterxml\jackson\core\jackson-databind\2.9.9.3\jackson-databind-2.9.9.3.jar;C:\Users\Filipe\.m2\repository\org\apache\commons\commons-lang3\3.4\commons-lang3-3.4.jar;C:\Users\Filipe\.m2\repository\org\springframework\boot\spring-boot-starter-security\2.1.9.RELEASE\spring-boot-starter-security-2.1.9.RELEASE.jar;C:\Users\Filipe\.m2\repository\org\springframework\spring-aop\5.1.10.RELEASE\spring-aop-5.1.10.RELEASE.jar;C:\Users\Filipe\.m2\repository\org\springframework\security\spring-security-config\5.1.6.RELEASE\spring-security-config-5.1.6.RELEASE.jar;C:\Users\Filipe\.m2\repository\org\springframework\security\spring-security-web\5.1.6.RELEASE\spring-security-web-5.1.6.RELEASE.jar;C:\Users\Filipe\.m2\repository\org\springframework\security\oauth\spring-security-oauth2\2.3.6.RELEASE\spring-security-oauth2-2.3.6.RELEASE.jar;C:\Users\Filipe\.m2\repository\org\springframework\spring-beans\5.1.10.RELEASE\spring-beans-5.1.10.RELEASE.jar;C:\Users\Filipe\.m2\repository\org\springframework\spring-context\5.1.10.RELEASE\spring-context-5.1.10.RELEASE.jar;C:\Users\Filipe\.m2\repository\org\springframework\security\spring-security-core\5.1.6.RELEASE\spring-security-core-5.1.6.RELEASE.jar;C:\Users\Filipe\.m2\repository\commons-codec\commons-codec\1.11\commons-codec-1.11.jar;C:\Users\Filipe\.m2\repository\org\codehaus\jackson\jackson-mapper-asl\1.9.13\jackson-mapper-asl-1.9.13.jar;C:\Users\Filipe\.m2\repository\org\codehaus\jackson\jackson-core-asl\1.9.13\jackson-core-asl-1.9.13.jar;C:\Users\Filipe\.m2\repository\org\springframework\security\spring-security-jwt\1.0.10.RELEASE\spring-security-jwt-1.0.10.RELEASE.jar;C:\Users\Filipe\.m2\repository\org\bouncycastle\bcpkix-jdk15on\1.60\bcpkix-jdk15on-1.60.jar;C:\Users\Filipe\.m2\repository\org\bouncycastle\bcprov-jdk15on\1.60\bcprov-jdk15on-1.60.jar;C:\Users\Filipe\.m2\repository\org\springframework\boot\spring-boot-configuration-processor\2.1.9.RELEASE\spring-boot-configuration-processor-2.1.9.RELEASE.jar;C:\Users\Filipe\.m2\repository\net\sf\jasperreports\jasperreports\6.5.1\jasperreports-6.5.1.jar;C:\Users\Filipe\.m2\repository\commons-beanutils\commons-beanutils\1.9.3\commons-beanutils-1.9.3.jar;C:\Users\Filipe\.m2\repository\commons-collections\commons-collections\3.2.2\commons-collections-3.2.2.jar;C:\Users\Filipe\.m2\repository\commons-digester\commons-digester\2.1\commons-digester-2.1.jar;C:\Users\Filipe\.m2\repository\commons-logging\commons-logging\1.1.1\commons-logging-1.1.1.jar;C:\Users\Filipe\.m2\repository\com\lowagie\itext\2.1.7.js6\itext-2.1.7.js6.jar;C:\Users\Filipe\.m2\repository\org\jfree\jcommon\1.0.23\jcommon-1.0.23.jar;C:\Users\Filipe\.m2\repository\org\jfree\jfreechart\1.0.19\jfreechart-1.0.19.jar;C:\Users\Filipe\.m2\repository\org\eclipse\jdt\core\compiler\ecj\4.4.2\ecj-4.4.2.jar;C:\Users\Filipe\.m2\repository\org\codehaus\castor\castor-xml\1.3.3\castor-xml-1.3.3.jar;C:\Users\Filipe\.m2\repository\org\codehaus\castor\castor-core\1.3.3\castor-core-1.3.3.jar;C:\Users\Filipe\.m2\repository\commons-lang\commons-lang\2.6\commons-lang-2.6.jar;C:\Users\Filipe\.m2\repository\javax\inject\javax.inject\1\javax.inject-1.jar;C:\Users\Filipe\.m2\repository\stax\stax\1.2.0\stax-1.2.0.jar;C:\Users\Filipe\.m2\repository\stax\stax-api\1.0.1\stax-api-1.0.1.jar;C:\Users\Filipe\.m2\repository\javax\xml\stream\stax-api\1.0-2\stax-api-1.0-2.jar;C:\Users\Filipe\.m2\repository\org\apache\lucene\lucene-core\4.5.1\lucene-core-4.5.1.jar;C:\Users\Filipe\.m2\repository\org\apache\lucene\lucene-analyzers-common\4.5.1\lucene-analyzers-common-4.5.1.jar;C:\Users\Filipe\.m2\repository\org\apache\lucene\lucene-queryparser\4.5.1\lucene-queryparser-4.5.1.jar;C:\Users\Filipe\.m2\repository\org\apache\lucene\lucene-queries\4.5.1\lucene-queries-4.5.1.jar;C:\Users\Filipe\.m2\repository\org\apache\lucene\lucene-sandbox\4.5.1\lucene-sandbox-4.5.1.jar;C:\Users\Filipe\.m2\repository\jakarta-regexp\jakarta-regexp\1.4\jakarta-regexp-1.4.jar;C:\Users\Filipe\.m2\repository\org\olap4j\olap4j\0.9.7.309-JS-3\olap4j-0.9.7.309-JS-3.jar;C:\Users\Filipe\.m2\repository\com\google\zxing\core\3.2.1\core-3.2.1.jar;C:\Users\Filipe\.m2\repository\com\ibm\icu\icu4j\57.1\icu4j-57.1.jar;C:\Users\Filipe\.m2\repository\net\sf\jasperreports\jasperreports-functions\6.5.1\jasperreports-functions-6.5.1.jar;C:\Users\Filipe\.m2\repository\joda-time\joda-time\2.10.4\joda-time-2.10.4.jar;C:\Users\Filipe\.m2\repository\net\sf\jasperreports\jasperreports-fonts\6.0.0\jasperreports-fonts-6.0.0.jar;C:\Users\Filipe\.m2\repository\com\amazonaws\aws-java-sdk\1.11.274\aws-java-sdk-1.11.274.jar;C:\Users\Filipe\.m2\repository\com\amazonaws\aws-java-sdk-transcribe\1.11.274\aws-java-sdk-transcribe-1.11.274.jar;C:\Users\Filipe\.m2\repository\com\amazonaws\jmespath-java\1.11.274\jmespath-java-1.11.274.jar;C:\Users\Filipe\.m2\repository\com\amazonaws\aws-java-sdk-autoscalingplans\1.11.274\aws-java-sdk-autoscalingplans-1.11.274.jar;C:\Users\Filipe\.m2\repository\com\amazonaws\aws-java-sdk-workmail\1.11.274\aws-java-sdk-workmail-1.11.274.jar;C:\Users\Filipe\.m2\repository\com\amazonaws\aws-java-sdk-servicediscovery\1.11.274\aws-java-sdk-servicediscovery-1.11.274.jar;C:\Users\Filipe\.m2\repository\com\amazonaws\aws-java-sdk-cloud9\1.11.274\aws-java-sdk-cloud9-1.11.274.jar;C:\Users\Filipe\.m2\repository\com\amazonaws\aws-java-sdk-serverlessapplicationrepository\1.11.274\aws-java-sdk-serverlessapplicationrepository-1.11.274.jar;C:\Users\Filipe\.m2\repository\com\amazonaws\aws-java-sdk-alexaforbusiness\1.11.274\aws-java-sdk-alexaforbusiness-1.11.274.jar;C:\Users\Filipe\.m2\repository\com\amazonaws\aws-java-sdk-resourcegroups\1.11.274\aws-java-sdk-resourcegroups-1.11.274.jar;C:\Users\Filipe\.m2\repository\com\amazonaws\aws-java-sdk-comprehend\1.11.274\aws-java-sdk-comprehend-1.11.274.jar;C:\Users\Filipe\.m2\repository\com\amazonaws\aws-java-sdk-translate\1.11.274\aws-java-sdk-translate-1.11.274.jar;C:\Users\Filipe\.m2\repository\com\amazonaws\aws-java-sdk-sagemaker\1.11.274\aws-java-sdk-sagemaker-1.11.274.jar;C:\Users\Filipe\.m2\repository\com\amazonaws\aws-java-sdk-iotjobsdataplane\1.11.274\aws-java-sdk-iotjobsdataplane-1.11.274.jar;C:\Users\Filipe\.m2\repository\com\amazonaws\aws-java-sdk-sagemakerruntime\1.11.274\aws-java-sdk-sagemakerruntime-1.11.274.jar;C:\Users\Filipe\.m2\repository\com\amazonaws\aws-java-sdk-kinesisvideo\1.11.274\aws-java-sdk-kinesisvideo-1.11.274.jar;C:\Users\Filipe\.m2\repository\io\netty\netty-codec-http\4.1.39.Final\netty-codec-http-4.1.39.Final.jar;C:\Users\Filipe\.m2\repository\io\netty\netty-common\4.1.39.Final\netty-common-4.1.39.Final.jar;C:\Users\Filipe\.m2\repository\io\netty\netty-buffer\4.1.39.Final\netty-buffer-4.1.39.Final.jar;C:\Users\Filipe\.m2\repository\io\netty\netty-transport\4.1.39.Final\netty-transport-4.1.39.Final.jar;C:\Users\Filipe\.m2\repository\io\netty\netty-resolver\4.1.39.Final\netty-resolver-4.1.39.Final.jar;C:\Users\Filipe\.m2\repository\io\netty\netty-codec\4.1.39.Final\netty-codec-4.1.39.Final.jar;C:\Users\Filipe\.m2\repository\io\netty\netty-handler\4.1.39.Final\netty-handler-4.1.39.Final.jar;C:\Users\Filipe\.m2\repository\com\amazonaws\aws-java-sdk-appsync\1.11.274\aws-java-sdk-appsync-1.11.274.jar;C:\Users\Filipe\.m2\repository\com\amazonaws\aws-java-sdk-guardduty\1.11.274\aws-java-sdk-guardduty-1.11.274.jar;C:\Users\Filipe\.m2\repository\com\amazonaws\aws-java-sdk-mq\1.11.274\aws-java-sdk-mq-1.11.274.jar;C:\Users\Filipe\.m2\repository\com\amazonaws\aws-java-sdk-mediaconvert\1.11.274\aws-java-sdk-mediaconvert-1.11.274.jar;C:\Users\Filipe\.m2\repository\com\amazonaws\aws-java-sdk-mediastore\1.11.274\aws-java-sdk-mediastore-1.11.274.jar;C:\Users\Filipe\.m2\repository\com\amazonaws\aws-java-sdk-mediastoredata\1.11.274\aws-java-sdk-mediastoredata-1.11.274.jar;C:\Users\Filipe\.m2\repository\com\amazonaws\aws-java-sdk-medialive\1.11.274\aws-java-sdk-medialive-1.11.274.jar;C:\Users\Filipe\.m2\repository\com\amazonaws\aws-java-sdk-mediapackage\1.11.274\aws-java-sdk-mediapackage-1.11.274.jar;C:\Users\Filipe\.m2\repository\com\amazonaws\aws-java-sdk-costexplorer\1.11.274\aws-java-sdk-costexplorer-1.11.274.jar;C:\Users\Filipe\.m2\repository\com\amazonaws\aws-java-sdk-pricing\1.11.274\aws-java-sdk-pricing-1.11.274.jar;C:\Users\Filipe\.m2\repository\com\amazonaws\aws-java-sdk-mobile\1.11.274\aws-java-sdk-mobile-1.11.274.jar;C:\Users\Filipe\.m2\repository\com\amazonaws\aws-java-sdk-cloudhsmv2\1.11.274\aws-java-sdk-cloudhsmv2-1.11.274.jar;C:\Users\Filipe\.m2\repository\com\amazonaws\aws-java-sdk-glue\1.11.274\aws-java-sdk-glue-1.11.274.jar;C:\Users\Filipe\.m2\repository\com\amazonaws\aws-java-sdk-migrationhub\1.11.274\aws-java-sdk-migrationhub-1.11.274.jar;C:\Users\Filipe\.m2\repository\com\amazonaws\aws-java-sdk-dax\1.11.274\aws-java-sdk-dax-1.11.274.jar;C:\Users\Filipe\.m2\repository\com\amazonaws\aws-java-sdk-greengrass\1.11.274\aws-java-sdk-greengrass-1.11.274.jar;C:\Users\Filipe\.m2\repository\com\amazonaws\aws-java-sdk-athena\1.11.274\aws-java-sdk-athena-1.11.274.jar;C:\Users\Filipe\.m2\repository\com\amazonaws\aws-java-sdk-marketplaceentitlement\1.11.274\aws-java-sdk-marketplaceentitlement-1.11.274.jar;C:\Users\Filipe\.m2\repository\com\amazonaws\aws-java-sdk-codestar\1.11.274\aws-java-sdk-codestar-1.11.274.jar;C:\Users\Filipe\.m2\repository\com\amazonaws\aws-java-sdk-lexmodelbuilding\1.11.274\aws-java-sdk-lexmodelbuilding-1.11.274.jar;C:\Users\Filipe\.m2\repository\com\amazonaws\aws-java-sdk-resourcegroupstaggingapi\1.11.274\aws-java-sdk-resourcegroupstaggingapi-1.11.274.jar;C:\Users\Filipe\.m2\repository\com\amazonaws\aws-java-sdk-pinpoint\1.11.274\aws-java-sdk-pinpoint-1.11.274.jar;C:\Users\Filipe\.m2\repository\com\amazonaws\aws-java-sdk-xray\1.11.274\aws-java-sdk-xray-1.11.274.jar;C:\Users\Filipe\.m2\repository\com\amazonaws\aws-java-sdk-opsworkscm\1.11.274\aws-java-sdk-opsworkscm-1.11.274.jar;C:\Users\Filipe\.m2\repository\com\amazonaws\aws-java-sdk-support\1.11.274\aws-java-sdk-support-1.11.274.jar;C:\Users\Filipe\.m2\repository\com\amazonaws\aws-java-sdk-simpledb\1.11.274\aws-java-sdk-simpledb-1.11.274.jar;C:\Users\Filipe\.m2\repository\com\amazonaws\aws-java-sdk-servicecatalog\1.11.274\aws-java-sdk-servicecatalog-1.11.274.jar;C:\Users\Filipe\.m2\repository\com\amazonaws\aws-java-sdk-servermigration\1.11.274\aws-java-sdk-servermigration-1.11.274.jar;C:\Users\Filipe\.m2\repository\com\amazonaws\aws-java-sdk-simpleworkflow\1.11.274\aws-java-sdk-simpleworkflow-1.11.274.jar;C:\Users\Filipe\.m2\repository\com\amazonaws\aws-java-sdk-storagegateway\1.11.274\aws-java-sdk-storagegateway-1.11.274.jar;C:\Users\Filipe\.m2\repository\com\amazonaws\aws-java-sdk-route53\1.11.274\aws-java-sdk-route53-1.11.274.jar;C:\Users\Filipe\.m2\repository\com\amazonaws\aws-java-sdk-s3\1.11.274\aws-java-sdk-s3-1.11.274.jar;C:\Users\Filipe\.m2\repository\com\amazonaws\aws-java-sdk-importexport\1.11.274\aws-java-sdk-importexport-1.11.274.jar;C:\Users\Filipe\.m2\repository\com\amazonaws\aws-java-sdk-sts\1.11.274\aws-java-sdk-sts-1.11.274.jar;C:\Users\Filipe\.m2\repository\com\amazonaws\aws-java-sdk-sqs\1.11.274\aws-java-sdk-sqs-1.11.274.jar;C:\Users\Filipe\.m2\repository\com\amazonaws\aws-java-sdk-rds\1.11.274\aws-java-sdk-rds-1.11.274.jar;C:\Users\Filipe\.m2\repository\com\amazonaws\aws-java-sdk-redshift\1.11.274\aws-java-sdk-redshift-1.11.274.jar;C:\Users\Filipe\.m2\repository\com\amazonaws\aws-java-sdk-elasticbeanstalk\1.11.274\aws-java-sdk-elasticbeanstalk-1.11.274.jar;C:\Users\Filipe\.m2\repository\com\amazonaws\aws-java-sdk-glacier\1.11.274\aws-java-sdk-glacier-1.11.274.jar;C:\Users\Filipe\.m2\repository\com\amazonaws\aws-java-sdk-iam\1.11.274\aws-java-sdk-iam-1.11.274.jar;C:\Users\Filipe\.m2\repository\com\amazonaws\aws-java-sdk-datapipeline\1.11.274\aws-java-sdk-datapipeline-1.11.274.jar;C:\Users\Filipe\.m2\repository\com\amazonaws\aws-java-sdk-elasticloadbalancing\1.11.274\aws-java-sdk-elasticloadbalancing-1.11.274.jar;C:\Users\Filipe\.m2\repository\com\amazonaws\aws-java-sdk-elasticloadbalancingv2\1.11.274\aws-java-sdk-elasticloadbalancingv2-1.11.274.jar;C:\Users\Filipe\.m2\repository\com\amazonaws\aws-java-sdk-emr\1.11.274\aws-java-sdk-emr-1.11.274.jar;C:\Users\Filipe\.m2\repository\com\amazonaws\aws-java-sdk-elasticache\1.11.274\aws-java-sdk-elasticache-1.11.274.jar;C:\Users\Filipe\.m2\repository\com\amazonaws\aws-java-sdk-elastictranscoder\1.11.274\aws-java-sdk-elastictranscoder-1.11.274.jar;C:\Users\Filipe\.m2\repository\com\amazonaws\aws-java-sdk-ec2\1.11.274\aws-java-sdk-ec2-1.11.274.jar;C:\Users\Filipe\.m2\repository\com\amazonaws\aws-java-sdk-dynamodb\1.11.274\aws-java-sdk-dynamodb-1.11.274.jar;C:\Users\Filipe\.m2\repository\com\amazonaws\aws-java-sdk-sns\1.11.274\aws-java-sdk-sns-1.11.274.jar;C:\Users\Filipe\.m2\repository\com\amazonaws\aws-java-sdk-budgets\1.11.274\aws-java-sdk-budgets-1.11.274.jar;C:\Users\Filipe\.m2\repository\com\amazonaws\aws-java-sdk-cloudtrail\1.11.274\aws-java-sdk-cloudtrail-1.11.274.jar;C:\Users\Filipe\.m2\repository\com\amazonaws\aws-java-sdk-cloudwatch\1.11.274\aws-java-sdk-cloudwatch-1.11.274.jar;C:\Users\Filipe\.m2\repository\com\amazonaws\aws-java-sdk-logs\1.11.274\aws-java-sdk-logs-1.11.274.jar;C:\Users\Filipe\.m2\repository\com\amazonaws\aws-java-sdk-events\1.11.274\aws-java-sdk-events-1.11.274.jar;C:\Users\Filipe\.m2\repository\com\amazonaws\aws-java-sdk-cognitoidentity\1.11.274\aws-java-sdk-cognitoidentity-1.11.274.jar;C:\Users\Filipe\.m2\repository\com\amazonaws\aws-java-sdk-cognitosync\1.11.274\aws-java-sdk-cognitosync-1.11.274.jar;C:\Users\Filipe\.m2\repository\com\amazonaws\aws-java-sdk-directconnect\1.11.274\aws-java-sdk-directconnect-1.11.274.jar;C:\Users\Filipe\.m2\repository\com\amazonaws\aws-java-sdk-cloudformation\1.11.274\aws-java-sdk-cloudformation-1.11.274.jar;C:\Users\Filipe\.m2\repository\com\amazonaws\aws-java-sdk-cloudfront\1.11.274\aws-java-sdk-cloudfront-1.11.274.jar;C:\Users\Filipe\.m2\repository\com\amazonaws\aws-java-sdk-clouddirectory\1.11.274\aws-java-sdk-clouddirectory-1.11.274.jar;C:\Users\Filipe\.m2\repository\com\amazonaws\aws-java-sdk-kinesis\1.11.274\aws-java-sdk-kinesis-1.11.274.jar;C:\Users\Filipe\.m2\repository\com\amazonaws\aws-java-sdk-opsworks\1.11.274\aws-java-sdk-opsworks-1.11.274.jar;C:\Users\Filipe\.m2\repository\com\amazonaws\aws-java-sdk-ses\1.11.274\aws-java-sdk-ses-1.11.274.jar;C:\Users\Filipe\.m2\repository\com\amazonaws\aws-java-sdk-autoscaling\1.11.274\aws-java-sdk-autoscaling-1.11.274.jar;C:\Users\Filipe\.m2\repository\com\amazonaws\aws-java-sdk-cloudsearch\1.11.274\aws-java-sdk-cloudsearch-1.11.274.jar;C:\Users\Filipe\.m2\repository\com\amazonaws\aws-java-sdk-cloudwatchmetrics\1.11.274\aws-java-sdk-cloudwatchmetrics-1.11.274.jar;C:\Users\Filipe\.m2\repository\com\amazonaws\aws-java-sdk-codedeploy\1.11.274\aws-java-sdk-codedeploy-1.11.274.jar;C:\Users\Filipe\.m2\repository\com\amazonaws\aws-java-sdk-codepipeline\1.11.274\aws-java-sdk-codepipeline-1.11.274.jar;C:\Users\Filipe\.m2\repository\com\amazonaws\aws-java-sdk-kms\1.11.274\aws-java-sdk-kms-1.11.274.jar;C:\Users\Filipe\.m2\repository\com\amazonaws\aws-java-sdk-config\1.11.274\aws-java-sdk-config-1.11.274.jar;C:\Users\Filipe\.m2\repository\com\amazonaws\aws-java-sdk-lambda\1.11.274\aws-java-sdk-lambda-1.11.274.jar;C:\Users\Filipe\.m2\repository\com\amazonaws\aws-java-sdk-ecs\1.11.274\aws-java-sdk-ecs-1.11.274.jar;C:\Users\Filipe\.m2\repository\com\amazonaws\aws-java-sdk-ecr\1.11.274\aws-java-sdk-ecr-1.11.274.jar;C:\Users\Filipe\.m2\repository\com\amazonaws\aws-java-sdk-cloudhsm\1.11.274\aws-java-sdk-cloudhsm-1.11.274.jar;C:\Users\Filipe\.m2\repository\com\amazonaws\aws-java-sdk-ssm\1.11.274\aws-java-sdk-ssm-1.11.274.jar;C:\Users\Filipe\.m2\repository\com\amazonaws\aws-java-sdk-workspaces\1.11.274\aws-java-sdk-workspaces-1.11.274.jar;C:\Users\Filipe\.m2\repository\com\amazonaws\aws-java-sdk-machinelearning\1.11.274\aws-java-sdk-machinelearning-1.11.274.jar;C:\Users\Filipe\.m2\repository\com\amazonaws\aws-java-sdk-directory\1.11.274\aws-java-sdk-directory-1.11.274.jar;C:\Users\Filipe\.m2\repository\com\amazonaws\aws-java-sdk-efs\1.11.274\aws-java-sdk-efs-1.11.274.jar;C:\Users\Filipe\.m2\repository\com\amazonaws\aws-java-sdk-codecommit\1.11.274\aws-java-sdk-codecommit-1.11.274.jar;C:\Users\Filipe\.m2\repository\com\amazonaws\aws-java-sdk-devicefarm\1.11.274\aws-java-sdk-devicefarm-1.11.274.jar;C:\Users\Filipe\.m2\repository\com\amazonaws\aws-java-sdk-elasticsearch\1.11.274\aws-java-sdk-elasticsearch-1.11.274.jar;C:\Users\Filipe\.m2\repository\com\amazonaws\aws-java-sdk-waf\1.11.274\aws-java-sdk-waf-1.11.274.jar;C:\Users\Filipe\.m2\repository\com\amazonaws\aws-java-sdk-marketplacecommerceanalytics\1.11.274\aws-java-sdk-marketplacecommerceanalytics-1.11.274.jar;C:\Users\Filipe\.m2\repository\com\amazonaws\aws-java-sdk-inspector\1.11.274\aws-java-sdk-inspector-1.11.274.jar;C:\Users\Filipe\.m2\repository\com\amazonaws\aws-java-sdk-iot\1.11.274\aws-java-sdk-iot-1.11.274.jar;C:\Users\Filipe\.m2\repository\com\amazonaws\aws-java-sdk-api-gateway\1.11.274\aws-java-sdk-api-gateway-1.11.274.jar;C:\Users\Filipe\.m2\repository\com\amazonaws\aws-java-sdk-acm\1.11.274\aws-java-sdk-acm-1.11.274.jar;C:\Users\Filipe\.m2\repository\com\amazonaws\aws-java-sdk-gamelift\1.11.274\aws-java-sdk-gamelift-1.11.274.jar;C:\Users\Filipe\.m2\repository\com\amazonaws\aws-java-sdk-dms\1.11.274\aws-java-sdk-dms-1.11.274.jar;C:\Users\Filipe\.m2\repository\com\amazonaws\aws-java-sdk-marketplacemeteringservice\1.11.274\aws-java-sdk-marketplacemeteringservice-1.11.274.jar;C:\Users\Filipe\.m2\repository\com\amazonaws\aws-java-sdk-cognitoidp\1.11.274\aws-java-sdk-cognitoidp-1.11.274.jar;C:\Users\Filipe\.m2\repository\com\amazonaws\aws-java-sdk-discovery\1.11.274\aws-java-sdk-discovery-1.11.274.jar;C:\Users\Filipe\.m2\repository\com\amazonaws\aws-java-sdk-applicationautoscaling\1.11.274\aws-java-sdk-applicationautoscaling-1.11.274.jar;C:\Users\Filipe\.m2\repository\com\amazonaws\aws-java-sdk-snowball\1.11.274\aws-java-sdk-snowball-1.11.274.jar;C:\Users\Filipe\.m2\repository\com\amazonaws\aws-java-sdk-rekognition\1.11.274\aws-java-sdk-rekognition-1.11.274.jar;C:\Users\Filipe\.m2\repository\com\amazonaws\aws-java-sdk-polly\1.11.274\aws-java-sdk-polly-1.11.274.jar;C:\Users\Filipe\.m2\repository\com\amazonaws\aws-java-sdk-lightsail\1.11.274\aws-java-sdk-lightsail-1.11.274.jar;C:\Users\Filipe\.m2\repository\com\amazonaws\aws-java-sdk-stepfunctions\1.11.274\aws-java-sdk-stepfunctions-1.11.274.jar;C:\Users\Filipe\.m2\repository\com\amazonaws\aws-java-sdk-health\1.11.274\aws-java-sdk-health-1.11.274.jar;C:\Users\Filipe\.m2\repository\com\amazonaws\aws-java-sdk-costandusagereport\1.11.274\aws-java-sdk-costandusagereport-1.11.274.jar;C:\Users\Filipe\.m2\repository\com\amazonaws\aws-java-sdk-codebuild\1.11.274\aws-java-sdk-codebuild-1.11.274.jar;C:\Users\Filipe\.m2\repository\com\amazonaws\aws-java-sdk-appstream\1.11.274\aws-java-sdk-appstream-1.11.274.jar;C:\Users\Filipe\.m2\repository\com\amazonaws\aws-java-sdk-shield\1.11.274\aws-java-sdk-shield-1.11.274.jar;C:\Users\Filipe\.m2\repository\com\amazonaws\aws-java-sdk-batch\1.11.274\aws-java-sdk-batch-1.11.274.jar;C:\Users\Filipe\.m2\repository\com\amazonaws\aws-java-sdk-lex\1.11.274\aws-java-sdk-lex-1.11.274.jar;C:\Users\Filipe\.m2\repository\com\amazonaws\aws-java-sdk-mechanicalturkrequester\1.11.274\aws-java-sdk-mechanicalturkrequester-1.11.274.jar;C:\Users\Filipe\.m2\repository\com\amazonaws\aws-java-sdk-organizations\1.11.274\aws-java-sdk-organizations-1.11.274.jar;C:\Users\Filipe\.m2\repository\com\amazonaws\aws-java-sdk-workdocs\1.11.274\aws-java-sdk-workdocs-1.11.274.jar;C:\Users\Filipe\.m2\repository\com\amazonaws\aws-java-sdk-core\1.11.274\aws-java-sdk-core-1.11.274.jar;C:\Users\Filipe\.m2\repository\org\apache\httpcomponents\httpclient\4.5.10\httpclient-4.5.10.jar;C:\Users\Filipe\.m2\repository\org\apache\httpcomponents\httpcore\4.4.12\httpcore-4.4.12.jar;C:\Users\Filipe\.m2\repository\software\amazon\ion\ion-java\1.0.2\ion-java-1.0.2.jar;C:\Users\Filipe\.m2\repository\com\fasterxml\jackson\dataformat\jackson-dataformat-cbor\2.9.9\jackson-dataformat-cbor-2.9.9.jar;C:\Users\Filipe\.m2\repository\com\amazonaws\aws-java-sdk-models\1.11.274\aws-java-sdk-models-1.11.274.jar;C:\Users\Filipe\.m2\repository\com\amazonaws\aws-java-sdk-swf-libraries\1.11.22\aws-java-sdk-swf-libraries-1.11.22.jar;C:\Users\Filipe\.m2\repository\org\projectlombok\lombok\1.18.10\lombok-1.18.10.jar;"/>
    <property name="sun.cpu.endian" value="little"/>
    <property name="user.home" value="C:\Users\Filipe"/>
    <property name="user.language" value="pt"/>
    <property name="java.specification.vendor" value="Oracle Corporation"/>
    <property name="java.home" value="C:\Program Files\Java\jdk1.8.0_201\jre"/>
    <property name="basedir" value="C:\workingarea\financial-api"/>
    <property name="file.separator" value="\"/>
    <property name="line.separator" value="&#10;"/>
    <property name="java.vm.specification.vendor" value="Oracle Corporation"/>
    <property name="java.specification.name" value="Java Platform API Specification"/>
    <property name="java.awt.graphicsenv" value="sun.awt.Win32GraphicsEnvironment"/>
    <property name="surefire.real.class.path" value="C:\Users\Filipe\AppData\Local\Temp\surefire5817128330825387784\surefirebooter3383284445034889502.jar"/>
    <property name="sun.boot.class.path" value="C:\Program Files\Java\jdk1.8.0_201\jre\lib\resources.jar;C:\Program Files\Java\jdk1.8.0_201\jre\lib\rt.jar;C:\Program Files\Java\jdk1.8.0_201\jre\lib\sunrsasign.jar;C:\Program Files\Java\jdk1.8.0_201\jre\lib\jsse.jar;C:\Program Files\Java\jdk1.8.0_201\jre\lib\jce.jar;C:\Program Files\Java\jdk1.8.0_201\jre\lib\charsets.jar;C:\Program Files\Java\jdk1.8.0_201\jre\lib\jfr.jar;C:\Program Files\Java\jdk1.8.0_201\jre\classes"/>
    <property name="user.script" value=""/>
    <property name="sun.management.compiler" value="HotSpot 64-Bit Tiered Compilers"/>
    <property name="java.runtime.version" value="1.8.0_201-b09"/>
    <property name="user.name" value="Filipe"/>
    <property name="path.separator" value=";"/>
    <property name="os.version" value="10.0"/>
    <property name="java.endorsed.dirs" value="C:\Program Files\Java\jdk1.8.0_201\jre\lib\endorsed"/>
    <property name="java.runtime.name" value="Java(TM) SE Runtime Environment"/>
    <property name="file.encoding" value="Cp1252"/>
    <property name="java.vm.name" value="Java HotSpot(TM) 64-Bit Server VM"/>
    <property name="localRepository" value="C:\Users\Filipe\.m2\repository"/>
    <property name="java.vendor.url.bug" value="http://bugreport.sun.com/bugreport/"/>
    <property name="java.io.tmpdir" value="C:\Users\Filipe\AppData\Local\Temp\"/>
    <property name="java.version" value="1.8.0_201"/>
    <property name="user.dir" value="C:\workingarea\financial-api"/>
    <property name="os.arch" value="amd64"/>
    <property name="java.vm.specification.name" value="Java Virtual Machine Specification"/>
    <property name="java.awt.printerjob" value="sun.awt.windows.WPrinterJob"/>
    <property name="sun.os.patch.level" value=""/>
    <property name="java.library.path" value="C:\Program Files\Java\jdk1.8.0_201\jre\bin;C:\WINDOWS\Sun\Java\bin;C:\WINDOWS\system32;C:\WINDOWS;C:\Program Files (x86)\Common Files\Oracle\Java\javapath;C:\WINDOWS\system32;C:\WINDOWS;C:\WINDOWS\System32\Wbem;C:\WINDOWS\System32\WindowsPowerShell\v1.0\;C:\WINDOWS\System32\OpenSSH\;C:\Program Files\Git\cmd;C:\Program Files\dotnet\;C:\vkpg\vcpkg\;C:\Program Files\Java\jdk1.8.0_201;C:\Go\bin;C:\python\Scripts\;C:\python\;C:\Users\Filipe\AppData\Local\Microsoft\WindowsApps;C:\Users\Filipe\AppData\Local\Programs\Microsoft VS Code\bin;C:\Program Files\JetBrains\IntelliJ IDEA 2018.3.4\bin;;C:\maven\apache-maven\bin;C:\Program Files\Java\jre1.8.0_201\bin;C:\Users\Filipe\go\bin;."/>
    <property name="java.vm.info" value="mixed mode"/>
    <property name="java.vendor" value="Oracle Corporation"/>
    <property name="java.vm.version" value="25.201-b09"/>
    <property name="java.ext.dirs" value="C:\Program Files\Java\jdk1.8.0_201\jre\lib\ext;C:\WINDOWS\Sun\Java\lib\ext"/>
    <property name="sun.io.unicode.encoding" value="UnicodeLittle"/>
    <property name="java.class.version" value="52.0"/>
  </properties>
  <testcase name="contextLoads" classname="com.financial.api.FinancialApiApplicationTests" time="0">
    <error message="Failed to load ApplicationContext" type="java.lang.IllegalStateException">java.lang.IllegalStateException: Failed to load ApplicationContext
Caused by: org.springframework.beans.factory.UnsatisfiedDependencyException: Error creating bean with name 'lancamentoResource': Unsatisfied dependency expressed through field 'lancamentoService'; nested exception is org.springframework.beans.factory.UnsatisfiedDependencyException: Error creating bean with name 'lancamentoService': Unsatisfied dependency expressed through field 's3'; nested exception is org.springframework.beans.factory.UnsatisfiedDependencyException: Error creating bean with name 's3': Unsatisfied dependency expressed through field 'amazonS3'; nested exception is org.springframework.beans.factory.BeanCreationException: Error creating bean with name 'amazonS3' defined in class path resource [com/financial/api/config/S3Config.class]: Bean instantiation via factory method failed; nested exception is org.springframework.beans.BeanInstantiationException: Failed to instantiate [com.amazonaws.services.s3.AmazonS3]: Factory method 'amazonS3' threw exception; nested exception is com.amazonaws.services.s3.model.AmazonS3Exception: The AWS Access Key Id you provided does not exist in our records. (Service: Amazon S3; Status Code: 403; Error Code: InvalidAccessKeyId; Request ID: 53587B2A59535328; S3 Extended Request ID: nchlDyWfzhwYByuOOvdZ71ffAA7RP4bPIwYdIh5lnBNPjw6t+FjEuxD6nPvtqATND/mLf2n72cI=), S3 Extended Request ID: nchlDyWfzhwYByuOOvdZ71ffAA7RP4bPIwYdIh5lnBNPjw6t+FjEuxD6nPvtqATND/mLf2n72cI=
Caused by: org.springframework.beans.factory.UnsatisfiedDependencyException: Error creating bean with name 'lancamentoService': Unsatisfied dependency expressed through field 's3'; nested exception is org.springframework.beans.factory.UnsatisfiedDependencyException: Error creating bean with name 's3': Unsatisfied dependency expressed through field 'amazonS3'; nested exception is org.springframework.beans.factory.BeanCreationException: Error creating bean with name 'amazonS3' defined in class path resource [com/financial/api/config/S3Config.class]: Bean instantiation via factory method failed; nested exception is org.springframework.beans.BeanInstantiationException: Failed to instantiate [com.amazonaws.services.s3.AmazonS3]: Factory method 'amazonS3' threw exception; nested exception is com.amazonaws.services.s3.model.AmazonS3Exception: The AWS Access Key Id you provided does not exist in our records. (Service: Amazon S3; Status Code: 403; Error Code: InvalidAccessKeyId; Request ID: 53587B2A59535328; S3 Extended Request ID: nchlDyWfzhwYByuOOvdZ71ffAA7RP4bPIwYdIh5lnBNPjw6t+FjEuxD6nPvtqATND/mLf2n72cI=), S3 Extended Request ID: nchlDyWfzhwYByuOOvdZ71ffAA7RP4bPIwYdIh5lnBNPjw6t+FjEuxD6nPvtqATND/mLf2n72cI=
Caused by: org.springframework.beans.factory.UnsatisfiedDependencyException: Error creating bean with name 's3': Unsatisfied dependency expressed through field 'amazonS3'; nested exception is org.springframework.beans.factory.BeanCreationException: Error creating bean with name 'amazonS3' defined in class path resource [com/financial/api/config/S3Config.class]: Bean instantiation via factory method failed; nested exception is org.springframework.beans.BeanInstantiationException: Failed to instantiate [com.amazonaws.services.s3.AmazonS3]: Factory method 'amazonS3' threw exception; nested exception is com.amazonaws.services.s3.model.AmazonS3Exception: The AWS Access Key Id you provided does not exist in our records. (Service: Amazon S3; Status Code: 403; Error Code: InvalidAccessKeyId; Request ID: 53587B2A59535328; S3 Extended Request ID: nchlDyWfzhwYByuOOvdZ71ffAA7RP4bPIwYdIh5lnBNPjw6t+FjEuxD6nPvtqATND/mLf2n72cI=), S3 Extended Request ID: nchlDyWfzhwYByuOOvdZ71ffAA7RP4bPIwYdIh5lnBNPjw6t+FjEuxD6nPvtqATND/mLf2n72cI=
Caused by: org.springframework.beans.factory.BeanCreationException: Error creating bean with name 'amazonS3' defined in class path resource [com/financial/api/config/S3Config.class]: Bean instantiation via factory method failed; nested exception is org.springframework.beans.BeanInstantiationException: Failed to instantiate [com.amazonaws.services.s3.AmazonS3]: Factory method 'amazonS3' threw exception; nested exception is com.amazonaws.services.s3.model.AmazonS3Exception: The AWS Access Key Id you provided does not exist in our records. (Service: Amazon S3; Status Code: 403; Error Code: InvalidAccessKeyId; Request ID: 53587B2A59535328; S3 Extended Request ID: nchlDyWfzhwYByuOOvdZ71ffAA7RP4bPIwYdIh5lnBNPjw6t+FjEuxD6nPvtqATND/mLf2n72cI=), S3 Extended Request ID: nchlDyWfzhwYByuOOvdZ71ffAA7RP4bPIwYdIh5lnBNPjw6t+FjEuxD6nPvtqATND/mLf2n72cI=
Caused by: org.springframework.beans.BeanInstantiationException: Failed to instantiate [com.amazonaws.services.s3.AmazonS3]: Factory method 'amazonS3' threw exception; nested exception is com.amazonaws.services.s3.model.AmazonS3Exception: The AWS Access Key Id you provided does not exist in our records. (Service: Amazon S3; Status Code: 403; Error Code: InvalidAccessKeyId; Request ID: 53587B2A59535328; S3 Extended Request ID: nchlDyWfzhwYByuOOvdZ71ffAA7RP4bPIwYdIh5lnBNPjw6t+FjEuxD6nPvtqATND/mLf2n72cI=), S3 Extended Request ID: nchlDyWfzhwYByuOOvdZ71ffAA7RP4bPIwYdIh5lnBNPjw6t+FjEuxD6nPvtqATND/mLf2n72cI=
Caused by: com.amazonaws.services.s3.model.AmazonS3Exception: The AWS Access Key Id you provided does not exist in our records. (Service: Amazon S3; Status Code: 403; Error Code: InvalidAccessKeyId; Request ID: 53587B2A59535328; S3 Extended Request ID: nchlDyWfzhwYByuOOvdZ71ffAA7RP4bPIwYdIh5lnBNPjw6t+FjEuxD6nPvtqATND/mLf2n72cI=)
</error>
    <system-out><![CDATA[18:24:05.512 [main] DEBUG org.springframework.test.context.junit4.SpringJUnit4ClassRunner - SpringJUnit4ClassRunner constructor called with [class com.financial.api.FinancialApiApplicationTests]
18:24:05.528 [main] DEBUG org.springframework.test.context.BootstrapUtils - Instantiating CacheAwareContextLoaderDelegate from class [org.springframework.test.context.cache.DefaultCacheAwareContextLoaderDelegate]
18:24:05.528 [main] DEBUG org.springframework.test.context.BootstrapUtils - Instantiating BootstrapContext using constructor [public org.springframework.test.context.support.DefaultBootstrapContext(java.lang.Class,org.springframework.test.context.CacheAwareContextLoaderDelegate)]
18:24:05.565 [main] DEBUG org.springframework.test.context.BootstrapUtils - Instantiating TestContextBootstrapper for test class [com.financial.api.FinancialApiApplicationTests] from class [org.springframework.boot.test.context.SpringBootTestContextBootstrapper]
18:24:05.581 [main] INFO org.springframework.boot.test.context.SpringBootTestContextBootstrapper - Neither @ContextConfiguration nor @ContextHierarchy found for test class [com.financial.api.FinancialApiApplicationTests], using SpringBootContextLoader
18:24:05.581 [main] DEBUG org.springframework.test.context.support.AbstractContextLoader - Did not detect default resource location for test class [com.financial.api.FinancialApiApplicationTests]: class path resource [com/financial/api/FinancialApiApplicationTests-context.xml] does not exist
18:24:05.581 [main] DEBUG org.springframework.test.context.support.AbstractContextLoader - Did not detect default resource location for test class [com.financial.api.FinancialApiApplicationTests]: class path resource [com/financial/api/FinancialApiApplicationTestsContext.groovy] does not exist
18:24:05.581 [main] INFO org.springframework.test.context.support.AbstractContextLoader - Could not detect default resource locations for test class [com.financial.api.FinancialApiApplicationTests]: no resource found for suffixes {-context.xml, Context.groovy}.
18:24:05.581 [main] INFO org.springframework.test.context.support.AnnotationConfigContextLoaderUtils - Could not detect default configuration classes for test class [com.financial.api.FinancialApiApplicationTests]: FinancialApiApplicationTests does not declare any static, non-private, non-final, nested classes annotated with @Configuration.
18:24:05.697 [main] DEBUG org.springframework.test.context.support.ActiveProfilesUtils - Could not find an 'annotation declaring class' for annotation type [org.springframework.test.context.ActiveProfiles] and class [com.financial.api.FinancialApiApplicationTests]
18:24:05.821 [main] DEBUG org.springframework.context.annotation.ClassPathScanningCandidateComponentProvider - Identified candidate component class: file [C:\workingarea\financial-api\target\classes\com\financial\api\FinancialApiApplication.class]
18:24:05.821 [main] INFO org.springframework.boot.test.context.SpringBootTestContextBootstrapper - Found @SpringBootConfiguration com.financial.api.FinancialApiApplication for test class com.financial.api.FinancialApiApplicationTests
18:24:05.982 [main] DEBUG org.springframework.boot.test.context.SpringBootTestContextBootstrapper - @TestExecutionListeners is not present for class [com.financial.api.FinancialApiApplicationTests]: using defaults.
18:24:05.982 [main] INFO org.springframework.boot.test.context.SpringBootTestContextBootstrapper - Loaded default TestExecutionListener class names from location [META-INF/spring.factories]: [org.springframework.boot.test.mock.mockito.MockitoTestExecutionListener, org.springframework.boot.test.mock.mockito.ResetMocksTestExecutionListener, org.springframework.boot.test.autoconfigure.restdocs.RestDocsTestExecutionListener, org.springframework.boot.test.autoconfigure.web.client.MockRestServiceServerResetTestExecutionListener, org.springframework.boot.test.autoconfigure.web.servlet.MockMvcPrintOnlyOnFailureTestExecutionListener, org.springframework.boot.test.autoconfigure.web.servlet.WebDriverTestExecutionListener, org.springframework.test.context.web.ServletTestExecutionListener, org.springframework.test.context.support.DirtiesContextBeforeModesTestExecutionListener, org.springframework.test.context.support.DependencyInjectionTestExecutionListener, org.springframework.test.context.support.DirtiesContextTestExecutionListener, org.springframework.test.context.transaction.TransactionalTestExecutionListener, org.springframework.test.context.jdbc.SqlScriptsTestExecutionListener]
18:24:06.060 [main] INFO org.springframework.boot.test.context.SpringBootTestContextBootstrapper - Using TestExecutionListeners: [org.springframework.test.context.web.ServletTestExecutionListener@22e357dc, org.springframework.test.context.support.DirtiesContextBeforeModesTestExecutionListener@49912c99, org.springframework.boot.test.mock.mockito.MockitoTestExecutionListener@10163d6, org.springframework.boot.test.autoconfigure.SpringBootDependencyInjectionTestExecutionListener@2dde1bff, org.springframework.test.context.support.DirtiesContextTestExecutionListener@15bbf42f, org.springframework.test.context.transaction.TransactionalTestExecutionListener@550ee7e5, org.springframework.test.context.jdbc.SqlScriptsTestExecutionListener@5f9b2141, org.springframework.boot.test.mock.mockito.ResetMocksTestExecutionListener@247d8ae, org.springframework.boot.test.autoconfigure.restdocs.RestDocsTestExecutionListener@48974e45, org.springframework.boot.test.autoconfigure.web.client.MockRestServiceServerResetTestExecutionListener@6a84a97d, org.springframework.boot.test.autoconfigure.web.servlet.MockMvcPrintOnlyOnFailureTestExecutionListener@6c130c45, org.springframework.boot.test.autoconfigure.web.servlet.WebDriverTestExecutionListener@50ad3bc1]
18:24:06.082 [main] DEBUG org.springframework.test.annotation.ProfileValueUtils - Retrieved @ProfileValueSourceConfiguration [null] for test class [com.financial.api.FinancialApiApplicationTests]
18:24:06.082 [main] DEBUG org.springframework.test.annotation.ProfileValueUtils - Retrieved ProfileValueSource type [class org.springframework.test.annotation.SystemProfileValueSource] for class [com.financial.api.FinancialApiApplicationTests]
18:24:06.098 [main] DEBUG org.springframework.test.annotation.ProfileValueUtils - Retrieved @ProfileValueSourceConfiguration [null] for test class [com.financial.api.FinancialApiApplicationTests]
18:24:06.098 [main] DEBUG org.springframework.test.annotation.ProfileValueUtils - Retrieved ProfileValueSource type [class org.springframework.test.annotation.SystemProfileValueSource] for class [com.financial.api.FinancialApiApplicationTests]
18:24:06.098 [main] DEBUG org.springframework.test.annotation.ProfileValueUtils - Retrieved @ProfileValueSourceConfiguration [null] for test class [com.financial.api.FinancialApiApplicationTests]
18:24:06.098 [main] DEBUG org.springframework.test.annotation.ProfileValueUtils - Retrieved ProfileValueSource type [class org.springframework.test.annotation.SystemProfileValueSource] for class [com.financial.api.FinancialApiApplicationTests]
18:24:06.098 [main] DEBUG org.springframework.test.context.support.AbstractDirtiesContextTestExecutionListener - Before test class: context [DefaultTestContext@3c73951 testClass = FinancialApiApplicationTests, testInstance = [null], testMethod = [null], testException = [null], mergedContextConfiguration = [WebMergedContextConfiguration@3d5c822d testClass = FinancialApiApplicationTests, locations = '{}', classes = '{class com.financial.api.FinancialApiApplication}', contextInitializerClasses = '[]', activeProfiles = '{}', propertySourceLocations = '{}', propertySourceProperties = '{org.springframework.boot.test.context.SpringBootTestContextBootstrapper=true}', contextCustomizers = set[org.springframework.boot.test.context.filter.ExcludeFilterContextCustomizer@41ee392b, org.springframework.boot.test.json.DuplicateJsonObjectContextCustomizerFactory$DuplicateJsonObjectContextCustomizer@667a738, org.springframework.boot.test.mock.mockito.MockitoContextCustomizer@0, org.springframework.boot.test.web.client.TestRestTemplateContextCustomizer@3ec300f1, org.springframework.boot.test.autoconfigure.properties.PropertyMappingContextCustomizer@0, org.springframework.boot.test.autoconfigure.web.servlet.WebDriverContextCustomizerFactory$Customizer@1d548a08], resourceBasePath = 'src/main/webapp', contextLoader = 'org.springframework.boot.test.context.SpringBootContextLoader', parent = [null]], attributes = map['org.springframework.test.context.web.ServletTestExecutionListener.activateListener' -> true]], class annotated with @DirtiesContext [false] with mode [null].
18:24:06.098 [main] DEBUG org.springframework.test.annotation.ProfileValueUtils - Retrieved @ProfileValueSourceConfiguration [null] for test class [com.financial.api.FinancialApiApplicationTests]
18:24:06.098 [main] DEBUG org.springframework.test.annotation.ProfileValueUtils - Retrieved ProfileValueSource type [class org.springframework.test.annotation.SystemProfileValueSource] for class [com.financial.api.FinancialApiApplicationTests]
18:24:06.160 [main] DEBUG org.springframework.test.context.support.TestPropertySourceUtils - Adding inlined properties to environment: {spring.jmx.enabled=false, org.springframework.boot.test.context.SpringBootTestContextBootstrapper=true, server.port=-1}

  .   ____          _            __ _ _
 /\\ / ___'_ __ _ _(_)_ __  __ _ \ \ \ \
( ( )\___ | '_ | '_| | '_ \/ _` | \ \ \ \
 \\/  ___)| |_)| | | | | || (_| |  ) ) ) )
  '  |____| .__|_| |_|_| |_\__, | / / / /
 =========|_|==============|___/=/_/_/_/
 :: Spring Boot ::        (v2.1.9.RELEASE)

2019-10-12 18:24:07.020  INFO 1624 --- [           main] c.f.api.FinancialApiApplicationTests     : Starting FinancialApiApplicationTests on DESKTOP-PPMQT2T with PID 1624 (started by Filipe in C:\workingarea\financial-api)
2019-10-12 18:24:07.022 DEBUG 1624 --- [           main] c.f.api.FinancialApiApplicationTests     : Running with Spring Boot v2.1.9.RELEASE, Spring v5.1.10.RELEASE
2019-10-12 18:24:07.022  INFO 1624 --- [           main] c.f.api.FinancialApiApplicationTests     : The following profiles are active: basic-security
2019-10-12 18:24:09.026  INFO 1624 --- [           main] .s.d.r.c.RepositoryConfigurationDelegate : Bootstrapping Spring Data repositories in DEFAULT mode.
2019-10-12 18:24:09.189  INFO 1624 --- [           main] .s.d.r.c.RepositoryConfigurationDelegate : Finished Spring Data repository scanning in 148ms. Found 6 repository interfaces.
2019-10-12 18:24:10.293  INFO 1624 --- [           main] trationDelegate$BeanPostProcessorChecker : Bean 'org.springframework.transaction.annotation.ProxyTransactionManagementConfiguration' of type [org.springframework.transaction.annotation.ProxyTransactionManagementConfiguration$$EnhancerBySpringCGLIB$$8101d8a0] is not eligible for getting processed by all BeanPostProcessors (for example: not eligible for auto-proxying)
2019-10-12 18:24:10.922  INFO 1624 --- [           main] o.f.c.internal.license.VersionPrinter    : Flyway Community Edition 5.2.4 by Boxfuse
2019-10-12 18:24:10.937  INFO 1624 --- [           main] com.zaxxer.hikari.HikariDataSource       : HikariPool-1 - Starting...
2019-10-12 18:24:11.435  INFO 1624 --- [           main] com.zaxxer.hikari.HikariDataSource       : HikariPool-1 - Start completed.
2019-10-12 18:24:11.435  INFO 1624 --- [           main] o.f.c.internal.database.DatabaseFactory  : Database: jdbc:mysql://localhost/financialapi (MySQL 5.7)
2019-10-12 18:24:11.658  INFO 1624 --- [           main] o.f.core.internal.command.DbValidate     : Successfully validated 7 migrations (execution time 00:00.111s)
2019-10-12 18:24:11.689  INFO 1624 --- [           main] o.f.c.i.s.JdbcTableSchemaHistory         : Creating Schema History table: `financialapi`.`flyway_schema_history`
2019-10-12 18:24:11.805  INFO 1624 --- [           main] o.f.core.internal.command.DbMigrate      : Current version of schema `financialapi`: << Empty Schema >>
2019-10-12 18:24:11.805  INFO 1624 --- [           main] o.f.core.internal.command.DbMigrate      : Migrating schema `financialapi` to version 01 - criar e registrar categorias
2019-10-12 18:24:11.890  INFO 1624 --- [           main] o.f.core.internal.command.DbMigrate      : Migrating schema `financialapi` to version 02 - criar tabela pessoa
2019-10-12 18:24:11.976  INFO 1624 --- [           main] o.f.core.internal.command.DbMigrate      : Migrating schema `financialapi` to version 03 - criar tabela e registrar lancamentos
2019-10-12 18:24:12.051  INFO 1624 --- [           main] o.f.core.internal.command.DbMigrate      : Migrating schema `financialapi` to version 04 - criar e registrar usuarios e permissoes
2019-10-12 18:24:12.242  INFO 1624 --- [           main] o.f.core.internal.command.DbMigrate      : Migrating schema `financialapi` to version 05 - criar tabela contato
2019-10-12 18:24:12.301  INFO 1624 --- [           main] o.f.core.internal.command.DbMigrate      : Migrating schema `financialapi` to version 06 - coluna anexo tb lancamento
2019-10-12 18:24:12.440  INFO 1624 --- [           main] o.f.core.internal.command.DbMigrate      : Migrating schema `financialapi` to version 07 - criar e registrar cidade estado
2019-10-12 18:24:12.950  INFO 1624 --- [           main] o.f.core.internal.command.DbMigrate      : Successfully applied 7 migrations to schema `financialapi` (execution time 00:01.263s)
2019-10-12 18:24:13.261  INFO 1624 --- [           main] o.hibernate.jpa.internal.util.LogHelper  : HHH000204: Processing PersistenceUnitInfo [
	name: default
	...]
2019-10-12 18:24:13.377  INFO 1624 --- [           main] org.hibernate.Version                    : HHH000412: Hibernate Core {5.3.12.Final}
2019-10-12 18:24:13.392  INFO 1624 --- [           main] org.hibernate.cfg.Environment            : HHH000206: hibernate.properties not found
2019-10-12 18:24:13.693  INFO 1624 --- [           main] o.hibernate.annotations.common.Version   : HCANN000001: Hibernate Commons Annotations {5.0.4.Final}
2019-10-12 18:24:14.169  INFO 1624 --- [           main] org.hibernate.dialect.Dialect            : HHH000400: Using dialect: org.hibernate.dialect.MySQL5Dialect
2019-10-12 18:24:15.305  WARN 1624 --- [           main] o.h.metamodel.internal.MetadataContext   : HHH015011: Unable to locate static metamodel field : com.financial.api.model.Endereco_#cidade; this may or may not indicate a problem with the static metamodel
2019-10-12 18:24:15.315  INFO 1624 --- [           main] j.LocalContainerEntityManagerFactoryBean : Initialized JPA EntityManagerFactory for persistence unit 'default'
2019-10-12 18:24:20.397  WARN 1624 --- [           main] o.s.w.c.s.GenericWebApplicationContext   : Exception encountered during context initialization - cancelling refresh attempt: org.springframework.beans.factory.UnsatisfiedDependencyException: Error creating bean with name 'lancamentoResource': Unsatisfied dependency expressed through field 'lancamentoService'; nested exception is org.springframework.beans.factory.UnsatisfiedDependencyException: Error creating bean with name 'lancamentoService': Unsatisfied dependency expressed through field 's3'; nested exception is org.springframework.beans.factory.UnsatisfiedDependencyException: Error creating bean with name 's3': Unsatisfied dependency expressed through field 'amazonS3'; nested exception is org.springframework.beans.factory.BeanCreationException: Error creating bean with name 'amazonS3' defined in class path resource [com/financial/api/config/S3Config.class]: Bean instantiation via factory method failed; nested exception is org.springframework.beans.BeanInstantiationException: Failed to instantiate [com.amazonaws.services.s3.AmazonS3]: Factory method 'amazonS3' threw exception; nested exception is com.amazonaws.services.s3.model.AmazonS3Exception: The AWS Access Key Id you provided does not exist in our records. (Service: Amazon S3; Status Code: 403; Error Code: InvalidAccessKeyId; Request ID: 53587B2A59535328; S3 Extended Request ID: nchlDyWfzhwYByuOOvdZ71ffAA7RP4bPIwYdIh5lnBNPjw6t+FjEuxD6nPvtqATND/mLf2n72cI=), S3 Extended Request ID: nchlDyWfzhwYByuOOvdZ71ffAA7RP4bPIwYdIh5lnBNPjw6t+FjEuxD6nPvtqATND/mLf2n72cI=
2019-10-12 18:24:20.400  INFO 1624 --- [           main] j.LocalContainerEntityManagerFactoryBean : Closing JPA EntityManagerFactory for persistence unit 'default'
2019-10-12 18:24:20.405  INFO 1624 --- [           main] com.zaxxer.hikari.HikariDataSource       : HikariPool-1 - Shutdown initiated...
2019-10-12 18:24:20.417  INFO 1624 --- [           main] com.zaxxer.hikari.HikariDataSource       : HikariPool-1 - Shutdown completed.
2019-10-12 18:24:20.435  INFO 1624 --- [           main] ConditionEvaluationReportLoggingListener : 

Error starting ApplicationContext. To display the conditions report re-run your application with 'debug' enabled.
2019-10-12 18:24:20.443 ERROR 1624 --- [           main] o.s.boot.SpringApplication               : Application run failed

org.springframework.beans.factory.UnsatisfiedDependencyException: Error creating bean with name 'lancamentoResource': Unsatisfied dependency expressed through field 'lancamentoService'; nested exception is org.springframework.beans.factory.UnsatisfiedDependencyException: Error creating bean with name 'lancamentoService': Unsatisfied dependency expressed through field 's3'; nested exception is org.springframework.beans.factory.UnsatisfiedDependencyException: Error creating bean with name 's3': Unsatisfied dependency expressed through field 'amazonS3'; nested exception is org.springframework.beans.factory.BeanCreationException: Error creating bean with name 'amazonS3' defined in class path resource [com/financial/api/config/S3Config.class]: Bean instantiation via factory method failed; nested exception is org.springframework.beans.BeanInstantiationException: Failed to instantiate [com.amazonaws.services.s3.AmazonS3]: Factory method 'amazonS3' threw exception; nested exception is com.amazonaws.services.s3.model.AmazonS3Exception: The AWS Access Key Id you provided does not exist in our records. (Service: Amazon S3; Status Code: 403; Error Code: InvalidAccessKeyId; Request ID: 53587B2A59535328; S3 Extended Request ID: nchlDyWfzhwYByuOOvdZ71ffAA7RP4bPIwYdIh5lnBNPjw6t+FjEuxD6nPvtqATND/mLf2n72cI=), S3 Extended Request ID: nchlDyWfzhwYByuOOvdZ71ffAA7RP4bPIwYdIh5lnBNPjw6t+FjEuxD6nPvtqATND/mLf2n72cI=
	at org.springframework.beans.factory.annotation.AutowiredAnnotationBeanPostProcessor$AutowiredFieldElement.inject(AutowiredAnnotationBeanPostProcessor.java:598) ~[spring-beans-5.1.10.RELEASE.jar:5.1.10.RELEASE]
	at org.springframework.beans.factory.annotation.InjectionMetadata.inject(InjectionMetadata.java:90) ~[spring-beans-5.1.10.RELEASE.jar:5.1.10.RELEASE]
	at org.springframework.beans.factory.annotation.AutowiredAnnotationBeanPostProcessor.postProcessProperties(AutowiredAnnotationBeanPostProcessor.java:376) ~[spring-beans-5.1.10.RELEASE.jar:5.1.10.RELEASE]
	at org.springframework.beans.factory.support.AbstractAutowireCapableBeanFactory.populateBean(AbstractAutowireCapableBeanFactory.java:1411) ~[spring-beans-5.1.10.RELEASE.jar:5.1.10.RELEASE]
	at org.springframework.beans.factory.support.AbstractAutowireCapableBeanFactory.doCreateBean(AbstractAutowireCapableBeanFactory.java:592) ~[spring-beans-5.1.10.RELEASE.jar:5.1.10.RELEASE]
	at org.springframework.beans.factory.support.AbstractAutowireCapableBeanFactory.createBean(AbstractAutowireCapableBeanFactory.java:515) ~[spring-beans-5.1.10.RELEASE.jar:5.1.10.RELEASE]
	at org.springframework.beans.factory.support.AbstractBeanFactory.lambda$doGetBean$0(AbstractBeanFactory.java:320) ~[spring-beans-5.1.10.RELEASE.jar:5.1.10.RELEASE]
	at org.springframework.beans.factory.support.DefaultSingletonBeanRegistry.getSingleton(DefaultSingletonBeanRegistry.java:222) ~[spring-beans-5.1.10.RELEASE.jar:5.1.10.RELEASE]
	at org.springframework.beans.factory.support.AbstractBeanFactory.doGetBean(AbstractBeanFactory.java:318) ~[spring-beans-5.1.10.RELEASE.jar:5.1.10.RELEASE]
	at org.springframework.beans.factory.support.AbstractBeanFactory.getBean(AbstractBeanFactory.java:199) ~[spring-beans-5.1.10.RELEASE.jar:5.1.10.RELEASE]
	at org.springframework.beans.factory.support.DefaultListableBeanFactory.preInstantiateSingletons(DefaultListableBeanFactory.java:847) ~[spring-beans-5.1.10.RELEASE.jar:5.1.10.RELEASE]
	at org.springframework.context.support.AbstractApplicationContext.finishBeanFactoryInitialization(AbstractApplicationContext.java:877) ~[spring-context-5.1.10.RELEASE.jar:5.1.10.RELEASE]
	at org.springframework.context.support.AbstractApplicationContext.refresh(AbstractApplicationContext.java:549) ~[spring-context-5.1.10.RELEASE.jar:5.1.10.RELEASE]
	at org.springframework.boot.SpringApplication.refresh(SpringApplication.java:744) ~[spring-boot-2.1.9.RELEASE.jar:2.1.9.RELEASE]
	at org.springframework.boot.SpringApplication.refreshContext(SpringApplication.java:391) ~[spring-boot-2.1.9.RELEASE.jar:2.1.9.RELEASE]
	at org.springframework.boot.SpringApplication.run(SpringApplication.java:312) ~[spring-boot-2.1.9.RELEASE.jar:2.1.9.RELEASE]
	at org.springframework.boot.test.context.SpringBootContextLoader.loadContext(SpringBootContextLoader.java:120) [spring-boot-test-2.1.9.RELEASE.jar:2.1.9.RELEASE]
	at org.springframework.test.context.cache.DefaultCacheAwareContextLoaderDelegate.loadContextInternal(DefaultCacheAwareContextLoaderDelegate.java:99) [spring-test-5.1.10.RELEASE.jar:5.1.10.RELEASE]
	at org.springframework.test.context.cache.DefaultCacheAwareContextLoaderDelegate.loadContext(DefaultCacheAwareContextLoaderDelegate.java:117) [spring-test-5.1.10.RELEASE.jar:5.1.10.RELEASE]
	at org.springframework.test.context.support.DefaultTestContext.getApplicationContext(DefaultTestContext.java:108) [spring-test-5.1.10.RELEASE.jar:5.1.10.RELEASE]
	at org.springframework.test.context.web.ServletTestExecutionListener.setUpRequestContextIfNecessary(ServletTestExecutionListener.java:190) [spring-test-5.1.10.RELEASE.jar:5.1.10.RELEASE]
	at org.springframework.test.context.web.ServletTestExecutionListener.prepareTestInstance(ServletTestExecutionListener.java:132) [spring-test-5.1.10.RELEASE.jar:5.1.10.RELEASE]
	at org.springframework.test.context.TestContextManager.prepareTestInstance(TestContextManager.java:246) [spring-test-5.1.10.RELEASE.jar:5.1.10.RELEASE]
	at org.springframework.test.context.junit4.SpringJUnit4ClassRunner.createTest(SpringJUnit4ClassRunner.java:227) [spring-test-5.1.10.RELEASE.jar:5.1.10.RELEASE]
	at org.springframework.test.context.junit4.SpringJUnit4ClassRunner$1.runReflectiveCall(SpringJUnit4ClassRunner.java:289) [spring-test-5.1.10.RELEASE.jar:5.1.10.RELEASE]
	at org.junit.internal.runners.model.ReflectiveCallable.run(ReflectiveCallable.java:12) [junit-4.12.jar:4.12]
	at org.springframework.test.context.junit4.SpringJUnit4ClassRunner.methodBlock(SpringJUnit4ClassRunner.java:291) [spring-test-5.1.10.RELEASE.jar:5.1.10.RELEASE]
	at org.springframework.test.context.junit4.SpringJUnit4ClassRunner.runChild(SpringJUnit4ClassRunner.java:246) [spring-test-5.1.10.RELEASE.jar:5.1.10.RELEASE]
	at org.springframework.test.context.junit4.SpringJUnit4ClassRunner.runChild(SpringJUnit4ClassRunner.java:97) [spring-test-5.1.10.RELEASE.jar:5.1.10.RELEASE]
	at org.junit.runners.ParentRunner$3.run(ParentRunner.java:290) [junit-4.12.jar:4.12]
	at org.junit.runners.ParentRunner$1.schedule(ParentRunner.java:71) [junit-4.12.jar:4.12]
	at org.junit.runners.ParentRunner.runChildren(ParentRunner.java:288) [junit-4.12.jar:4.12]
	at org.junit.runners.ParentRunner.access$000(ParentRunner.java:58) [junit-4.12.jar:4.12]
	at org.junit.runners.ParentRunner$2.evaluate(ParentRunner.java:268) [junit-4.12.jar:4.12]
	at org.springframework.test.context.junit4.statements.RunBeforeTestClassCallbacks.evaluate(RunBeforeTestClassCallbacks.java:61) [spring-test-5.1.10.RELEASE.jar:5.1.10.RELEASE]
	at org.springframework.test.context.junit4.statements.RunAfterTestClassCallbacks.evaluate(RunAfterTestClassCallbacks.java:70) [spring-test-5.1.10.RELEASE.jar:5.1.10.RELEASE]
	at org.junit.runners.ParentRunner.run(ParentRunner.java:363) [junit-4.12.jar:4.12]
	at org.springframework.test.context.junit4.SpringJUnit4ClassRunner.run(SpringJUnit4ClassRunner.java:190) [spring-test-5.1.10.RELEASE.jar:5.1.10.RELEASE]
	at org.apache.maven.surefire.junit4.JUnit4Provider.execute(JUnit4Provider.java:365) [surefire-junit4-2.22.2.jar:2.22.2]
	at org.apache.maven.surefire.junit4.JUnit4Provider.executeWithRerun(JUnit4Provider.java:273) [surefire-junit4-2.22.2.jar:2.22.2]
	at org.apache.maven.surefire.junit4.JUnit4Provider.executeTestSet(JUnit4Provider.java:238) [surefire-junit4-2.22.2.jar:2.22.2]
	at org.apache.maven.surefire.junit4.JUnit4Provider.invoke(JUnit4Provider.java:159) [surefire-junit4-2.22.2.jar:2.22.2]
	at org.apache.maven.surefire.booter.ForkedBooter.invokeProviderInSameClassLoader(ForkedBooter.java:384) [surefire-booter-2.22.2.jar:2.22.2]
	at org.apache.maven.surefire.booter.ForkedBooter.runSuitesInProcess(ForkedBooter.java:345) [surefire-booter-2.22.2.jar:2.22.2]
	at org.apache.maven.surefire.booter.ForkedBooter.execute(ForkedBooter.java:126) [surefire-booter-2.22.2.jar:2.22.2]
	at org.apache.maven.surefire.booter.ForkedBooter.main(ForkedBooter.java:418) [surefire-booter-2.22.2.jar:2.22.2]
Caused by: org.springframework.beans.factory.UnsatisfiedDependencyException: Error creating bean with name 'lancamentoService': Unsatisfied dependency expressed through field 's3'; nested exception is org.springframework.beans.factory.UnsatisfiedDependencyException: Error creating bean with name 's3': Unsatisfied dependency expressed through field 'amazonS3'; nested exception is org.springframework.beans.factory.BeanCreationException: Error creating bean with name 'amazonS3' defined in class path resource [com/financial/api/config/S3Config.class]: Bean instantiation via factory method failed; nested exception is org.springframework.beans.BeanInstantiationException: Failed to instantiate [com.amazonaws.services.s3.AmazonS3]: Factory method 'amazonS3' threw exception; nested exception is com.amazonaws.services.s3.model.AmazonS3Exception: The AWS Access Key Id you provided does not exist in our records. (Service: Amazon S3; Status Code: 403; Error Code: InvalidAccessKeyId; Request ID: 53587B2A59535328; S3 Extended Request ID: nchlDyWfzhwYByuOOvdZ71ffAA7RP4bPIwYdIh5lnBNPjw6t+FjEuxD6nPvtqATND/mLf2n72cI=), S3 Extended Request ID: nchlDyWfzhwYByuOOvdZ71ffAA7RP4bPIwYdIh5lnBNPjw6t+FjEuxD6nPvtqATND/mLf2n72cI=
	at org.springframework.beans.factory.annotation.AutowiredAnnotationBeanPostProcessor$AutowiredFieldElement.inject(AutowiredAnnotationBeanPostProcessor.java:598) ~[spring-beans-5.1.10.RELEASE.jar:5.1.10.RELEASE]
	at org.springframework.beans.factory.annotation.InjectionMetadata.inject(InjectionMetadata.java:90) ~[spring-beans-5.1.10.RELEASE.jar:5.1.10.RELEASE]
	at org.springframework.beans.factory.annotation.AutowiredAnnotationBeanPostProcessor.postProcessProperties(AutowiredAnnotationBeanPostProcessor.java:376) ~[spring-beans-5.1.10.RELEASE.jar:5.1.10.RELEASE]
	at org.springframework.beans.factory.support.AbstractAutowireCapableBeanFactory.populateBean(AbstractAutowireCapableBeanFactory.java:1411) ~[spring-beans-5.1.10.RELEASE.jar:5.1.10.RELEASE]
	at org.springframework.beans.factory.support.AbstractAutowireCapableBeanFactory.doCreateBean(AbstractAutowireCapableBeanFactory.java:592) ~[spring-beans-5.1.10.RELEASE.jar:5.1.10.RELEASE]
	at org.springframework.beans.factory.support.AbstractAutowireCapableBeanFactory.createBean(AbstractAutowireCapableBeanFactory.java:515) ~[spring-beans-5.1.10.RELEASE.jar:5.1.10.RELEASE]
	at org.springframework.beans.factory.support.AbstractBeanFactory.lambda$doGetBean$0(AbstractBeanFactory.java:320) ~[spring-beans-5.1.10.RELEASE.jar:5.1.10.RELEASE]
	at org.springframework.beans.factory.support.DefaultSingletonBeanRegistry.getSingleton(DefaultSingletonBeanRegistry.java:222) ~[spring-beans-5.1.10.RELEASE.jar:5.1.10.RELEASE]
	at org.springframework.beans.factory.support.AbstractBeanFactory.doGetBean(AbstractBeanFactory.java:318) ~[spring-beans-5.1.10.RELEASE.jar:5.1.10.RELEASE]
	at org.springframework.beans.factory.support.AbstractBeanFactory.getBean(AbstractBeanFactory.java:199) ~[spring-beans-5.1.10.RELEASE.jar:5.1.10.RELEASE]
	at org.springframework.beans.factory.config.DependencyDescriptor.resolveCandidate(DependencyDescriptor.java:277) ~[spring-beans-5.1.10.RELEASE.jar:5.1.10.RELEASE]
	at org.springframework.beans.factory.support.DefaultListableBeanFactory.doResolveDependency(DefaultListableBeanFactory.java:1255) ~[spring-beans-5.1.10.RELEASE.jar:5.1.10.RELEASE]
	at org.springframework.beans.factory.support.DefaultListableBeanFactory.resolveDependency(DefaultListableBeanFactory.java:1175) ~[spring-beans-5.1.10.RELEASE.jar:5.1.10.RELEASE]
	at org.springframework.beans.factory.annotation.AutowiredAnnotationBeanPostProcessor$AutowiredFieldElement.inject(AutowiredAnnotationBeanPostProcessor.java:595) ~[spring-beans-5.1.10.RELEASE.jar:5.1.10.RELEASE]
	... 45 common frames omitted
Caused by: org.springframework.beans.factory.UnsatisfiedDependencyException: Error creating bean with name 's3': Unsatisfied dependency expressed through field 'amazonS3'; nested exception is org.springframework.beans.factory.BeanCreationException: Error creating bean with name 'amazonS3' defined in class path resource [com/financial/api/config/S3Config.class]: Bean instantiation via factory method failed; nested exception is org.springframework.beans.BeanInstantiationException: Failed to instantiate [com.amazonaws.services.s3.AmazonS3]: Factory method 'amazonS3' threw exception; nested exception is com.amazonaws.services.s3.model.AmazonS3Exception: The AWS Access Key Id you provided does not exist in our records. (Service: Amazon S3; Status Code: 403; Error Code: InvalidAccessKeyId; Request ID: 53587B2A59535328; S3 Extended Request ID: nchlDyWfzhwYByuOOvdZ71ffAA7RP4bPIwYdIh5lnBNPjw6t+FjEuxD6nPvtqATND/mLf2n72cI=), S3 Extended Request ID: nchlDyWfzhwYByuOOvdZ71ffAA7RP4bPIwYdIh5lnBNPjw6t+FjEuxD6nPvtqATND/mLf2n72cI=
	at org.springframework.beans.factory.annotation.AutowiredAnnotationBeanPostProcessor$AutowiredFieldElement.inject(AutowiredAnnotationBeanPostProcessor.java:598) ~[spring-beans-5.1.10.RELEASE.jar:5.1.10.RELEASE]
	at org.springframework.beans.factory.annotation.InjectionMetadata.inject(InjectionMetadata.java:90) ~[spring-beans-5.1.10.RELEASE.jar:5.1.10.RELEASE]
	at org.springframework.beans.factory.annotation.AutowiredAnnotationBeanPostProcessor.postProcessProperties(AutowiredAnnotationBeanPostProcessor.java:376) ~[spring-beans-5.1.10.RELEASE.jar:5.1.10.RELEASE]
	at org.springframework.beans.factory.support.AbstractAutowireCapableBeanFactory.populateBean(AbstractAutowireCapableBeanFactory.java:1411) ~[spring-beans-5.1.10.RELEASE.jar:5.1.10.RELEASE]
	at org.springframework.beans.factory.support.AbstractAutowireCapableBeanFactory.doCreateBean(AbstractAutowireCapableBeanFactory.java:592) ~[spring-beans-5.1.10.RELEASE.jar:5.1.10.RELEASE]
	at org.springframework.beans.factory.support.AbstractAutowireCapableBeanFactory.createBean(AbstractAutowireCapableBeanFactory.java:515) ~[spring-beans-5.1.10.RELEASE.jar:5.1.10.RELEASE]
	at org.springframework.beans.factory.support.AbstractBeanFactory.lambda$doGetBean$0(AbstractBeanFactory.java:320) ~[spring-beans-5.1.10.RELEASE.jar:5.1.10.RELEASE]
	at org.springframework.beans.factory.support.DefaultSingletonBeanRegistry.getSingleton(DefaultSingletonBeanRegistry.java:222) ~[spring-beans-5.1.10.RELEASE.jar:5.1.10.RELEASE]
	at org.springframework.beans.factory.support.AbstractBeanFactory.doGetBean(AbstractBeanFactory.java:318) ~[spring-beans-5.1.10.RELEASE.jar:5.1.10.RELEASE]
	at org.springframework.beans.factory.support.AbstractBeanFactory.getBean(AbstractBeanFactory.java:199) ~[spring-beans-5.1.10.RELEASE.jar:5.1.10.RELEASE]
	at org.springframework.beans.factory.config.DependencyDescriptor.resolveCandidate(DependencyDescriptor.java:277) ~[spring-beans-5.1.10.RELEASE.jar:5.1.10.RELEASE]
	at org.springframework.beans.factory.support.DefaultListableBeanFactory.doResolveDependency(DefaultListableBeanFactory.java:1255) ~[spring-beans-5.1.10.RELEASE.jar:5.1.10.RELEASE]
	at org.springframework.beans.factory.support.DefaultListableBeanFactory.resolveDependency(DefaultListableBeanFactory.java:1175) ~[spring-beans-5.1.10.RELEASE.jar:5.1.10.RELEASE]
	at org.springframework.beans.factory.annotation.AutowiredAnnotationBeanPostProcessor$AutowiredFieldElement.inject(AutowiredAnnotationBeanPostProcessor.java:595) ~[spring-beans-5.1.10.RELEASE.jar:5.1.10.RELEASE]
	... 58 common frames omitted
Caused by: org.springframework.beans.factory.BeanCreationException: Error creating bean with name 'amazonS3' defined in class path resource [com/financial/api/config/S3Config.class]: Bean instantiation via factory method failed; nested exception is org.springframework.beans.BeanInstantiationException: Failed to instantiate [com.amazonaws.services.s3.AmazonS3]: Factory method 'amazonS3' threw exception; nested exception is com.amazonaws.services.s3.model.AmazonS3Exception: The AWS Access Key Id you provided does not exist in our records. (Service: Amazon S3; Status Code: 403; Error Code: InvalidAccessKeyId; Request ID: 53587B2A59535328; S3 Extended Request ID: nchlDyWfzhwYByuOOvdZ71ffAA7RP4bPIwYdIh5lnBNPjw6t+FjEuxD6nPvtqATND/mLf2n72cI=), S3 Extended Request ID: nchlDyWfzhwYByuOOvdZ71ffAA7RP4bPIwYdIh5lnBNPjw6t+FjEuxD6nPvtqATND/mLf2n72cI=
	at org.springframework.beans.factory.support.ConstructorResolver.instantiate(ConstructorResolver.java:627) ~[spring-beans-5.1.10.RELEASE.jar:5.1.10.RELEASE]
	at org.springframework.beans.factory.support.ConstructorResolver.instantiateUsingFactoryMethod(ConstructorResolver.java:456) ~[spring-beans-5.1.10.RELEASE.jar:5.1.10.RELEASE]
	at org.springframework.beans.factory.support.AbstractAutowireCapableBeanFactory.instantiateUsingFactoryMethod(AbstractAutowireCapableBeanFactory.java:1321) ~[spring-beans-5.1.10.RELEASE.jar:5.1.10.RELEASE]
	at org.springframework.beans.factory.support.AbstractAutowireCapableBeanFactory.createBeanInstance(AbstractAutowireCapableBeanFactory.java:1160) ~[spring-beans-5.1.10.RELEASE.jar:5.1.10.RELEASE]
	at org.springframework.beans.factory.support.AbstractAutowireCapableBeanFactory.doCreateBean(AbstractAutowireCapableBeanFactory.java:555) ~[spring-beans-5.1.10.RELEASE.jar:5.1.10.RELEASE]
	at org.springframework.beans.factory.support.AbstractAutowireCapableBeanFactory.createBean(AbstractAutowireCapableBeanFactory.java:515) ~[spring-beans-5.1.10.RELEASE.jar:5.1.10.RELEASE]
	at org.springframework.beans.factory.support.AbstractBeanFactory.lambda$doGetBean$0(AbstractBeanFactory.java:320) ~[spring-beans-5.1.10.RELEASE.jar:5.1.10.RELEASE]
	at org.springframework.beans.factory.support.DefaultSingletonBeanRegistry.getSingleton(DefaultSingletonBeanRegistry.java:222) ~[spring-beans-5.1.10.RELEASE.jar:5.1.10.RELEASE]
	at org.springframework.beans.factory.support.AbstractBeanFactory.doGetBean(AbstractBeanFactory.java:318) ~[spring-beans-5.1.10.RELEASE.jar:5.1.10.RELEASE]
	at org.springframework.beans.factory.support.AbstractBeanFactory.getBean(AbstractBeanFactory.java:199) ~[spring-beans-5.1.10.RELEASE.jar:5.1.10.RELEASE]
	at org.springframework.beans.factory.config.DependencyDescriptor.resolveCandidate(DependencyDescriptor.java:277) ~[spring-beans-5.1.10.RELEASE.jar:5.1.10.RELEASE]
	at org.springframework.beans.factory.support.DefaultListableBeanFactory.doResolveDependency(DefaultListableBeanFactory.java:1255) ~[spring-beans-5.1.10.RELEASE.jar:5.1.10.RELEASE]
	at org.springframework.beans.factory.support.DefaultListableBeanFactory.resolveDependency(DefaultListableBeanFactory.java:1175) ~[spring-beans-5.1.10.RELEASE.jar:5.1.10.RELEASE]
	at org.springframework.beans.factory.annotation.AutowiredAnnotationBeanPostProcessor$AutowiredFieldElement.inject(AutowiredAnnotationBeanPostProcessor.java:595) ~[spring-beans-5.1.10.RELEASE.jar:5.1.10.RELEASE]
	... 71 common frames omitted
Caused by: org.springframework.beans.BeanInstantiationException: Failed to instantiate [com.amazonaws.services.s3.AmazonS3]: Factory method 'amazonS3' threw exception; nested exception is com.amazonaws.services.s3.model.AmazonS3Exception: The AWS Access Key Id you provided does not exist in our records. (Service: Amazon S3; Status Code: 403; Error Code: InvalidAccessKeyId; Request ID: 53587B2A59535328; S3 Extended Request ID: nchlDyWfzhwYByuOOvdZ71ffAA7RP4bPIwYdIh5lnBNPjw6t+FjEuxD6nPvtqATND/mLf2n72cI=), S3 Extended Request ID: nchlDyWfzhwYByuOOvdZ71ffAA7RP4bPIwYdIh5lnBNPjw6t+FjEuxD6nPvtqATND/mLf2n72cI=
	at org.springframework.beans.factory.support.SimpleInstantiationStrategy.instantiate(SimpleInstantiationStrategy.java:185) ~[spring-beans-5.1.10.RELEASE.jar:5.1.10.RELEASE]
	at org.springframework.beans.factory.support.ConstructorResolver.instantiate(ConstructorResolver.java:622) ~[spring-beans-5.1.10.RELEASE.jar:5.1.10.RELEASE]
	... 84 common frames omitted
Caused by: com.amazonaws.services.s3.model.AmazonS3Exception: The AWS Access Key Id you provided does not exist in our records. (Service: Amazon S3; Status Code: 403; Error Code: InvalidAccessKeyId; Request ID: 53587B2A59535328; S3 Extended Request ID: nchlDyWfzhwYByuOOvdZ71ffAA7RP4bPIwYdIh5lnBNPjw6t+FjEuxD6nPvtqATND/mLf2n72cI=)
	at com.amazonaws.http.AmazonHttpClient$RequestExecutor.handleErrorResponse(AmazonHttpClient.java:1630) ~[aws-java-sdk-core-1.11.274.jar:na]
	at com.amazonaws.http.AmazonHttpClient$RequestExecutor.executeOneRequest(AmazonHttpClient.java:1302) ~[aws-java-sdk-core-1.11.274.jar:na]
	at com.amazonaws.http.AmazonHttpClient$RequestExecutor.executeHelper(AmazonHttpClient.java:1056) ~[aws-java-sdk-core-1.11.274.jar:na]
	at com.amazonaws.http.AmazonHttpClient$RequestExecutor.doExecute(AmazonHttpClient.java:743) ~[aws-java-sdk-core-1.11.274.jar:na]
	at com.amazonaws.http.AmazonHttpClient$RequestExecutor.executeWithTimer(AmazonHttpClient.java:717) ~[aws-java-sdk-core-1.11.274.jar:na]
	at com.amazonaws.http.AmazonHttpClient$RequestExecutor.execute(AmazonHttpClient.java:699) ~[aws-java-sdk-core-1.11.274.jar:na]
	at com.amazonaws.http.AmazonHttpClient$RequestExecutor.access$500(AmazonHttpClient.java:667) ~[aws-java-sdk-core-1.11.274.jar:na]
	at com.amazonaws.http.AmazonHttpClient$RequestExecutionBuilderImpl.execute(AmazonHttpClient.java:649) ~[aws-java-sdk-core-1.11.274.jar:na]
	at com.amazonaws.http.AmazonHttpClient.execute(AmazonHttpClient.java:513) ~[aws-java-sdk-core-1.11.274.jar:na]
	at com.amazonaws.services.s3.AmazonS3Client.invoke(AmazonS3Client.java:4330) ~[aws-java-sdk-s3-1.11.274.jar:na]
	at com.amazonaws.services.s3.AmazonS3Client.invoke(AmazonS3Client.java:4277) ~[aws-java-sdk-s3-1.11.274.jar:na]
	at com.amazonaws.services.s3.AmazonS3Client.getAcl(AmazonS3Client.java:3478) ~[aws-java-sdk-s3-1.11.274.jar:na]
	at com.amazonaws.services.s3.AmazonS3Client.getBucketAcl(AmazonS3Client.java:1172) ~[aws-java-sdk-s3-1.11.274.jar:na]
	at com.amazonaws.services.s3.AmazonS3Client.getBucketAcl(AmazonS3Client.java:1162) ~[aws-java-sdk-s3-1.11.274.jar:na]
	at com.amazonaws.services.s3.AmazonS3Client.doesBucketExistV2(AmazonS3Client.java:1297) ~[aws-java-sdk-s3-1.11.274.jar:na]
	at com.financial.api.config.S3Config.amazonS3(S3Config.java:35) ~[classes/:na]
	at com.financial.api.config.S3Config$$EnhancerBySpringCGLIB$$4e13576d.CGLIB$amazonS3$0(<generated>) ~[classes/:na]
	at com.financial.api.config.S3Config$$EnhancerBySpringCGLIB$$4e13576d$$FastClassBySpringCGLIB$$24ad22f4.invoke(<generated>) ~[classes/:na]
	at org.springframework.cglib.proxy.MethodProxy.invokeSuper(MethodProxy.java:244) ~[spring-core-5.1.10.RELEASE.jar:5.1.10.RELEASE]
	at org.springframework.context.annotation.ConfigurationClassEnhancer$BeanMethodInterceptor.intercept(ConfigurationClassEnhancer.java:363) ~[spring-context-5.1.10.RELEASE.jar:5.1.10.RELEASE]
	at com.financial.api.config.S3Config$$EnhancerBySpringCGLIB$$4e13576d.amazonS3(<generated>) ~[classes/:na]
	at sun.reflect.NativeMethodAccessorImpl.invoke0(Native Method) ~[na:1.8.0_201]
	at sun.reflect.NativeMethodAccessorImpl.invoke(NativeMethodAccessorImpl.java:62) ~[na:1.8.0_201]
	at sun.reflect.DelegatingMethodAccessorImpl.invoke(DelegatingMethodAccessorImpl.java:43) ~[na:1.8.0_201]
	at java.lang.reflect.Method.invoke(Method.java:498) ~[na:1.8.0_201]
	at org.springframework.beans.factory.support.SimpleInstantiationStrategy.instantiate(SimpleInstantiationStrategy.java:154) ~[spring-beans-5.1.10.RELEASE.jar:5.1.10.RELEASE]
	... 85 common frames omitted

2019-10-12 18:24:20.450 ERROR 1624 --- [           main] o.s.test.context.TestContextManager      : Caught exception while allowing TestExecutionListener [org.springframework.test.context.web.ServletTestExecutionListener@22e357dc] to prepare test instance [com.financial.api.FinancialApiApplicationTests@4895e8f6]

java.lang.IllegalStateException: Failed to load ApplicationContext
	at org.springframework.test.context.cache.DefaultCacheAwareContextLoaderDelegate.loadContext(DefaultCacheAwareContextLoaderDelegate.java:125) ~[spring-test-5.1.10.RELEASE.jar:5.1.10.RELEASE]
	at org.springframework.test.context.support.DefaultTestContext.getApplicationContext(DefaultTestContext.java:108) ~[spring-test-5.1.10.RELEASE.jar:5.1.10.RELEASE]
	at org.springframework.test.context.web.ServletTestExecutionListener.setUpRequestContextIfNecessary(ServletTestExecutionListener.java:190) ~[spring-test-5.1.10.RELEASE.jar:5.1.10.RELEASE]
	at org.springframework.test.context.web.ServletTestExecutionListener.prepareTestInstance(ServletTestExecutionListener.java:132) ~[spring-test-5.1.10.RELEASE.jar:5.1.10.RELEASE]
	at org.springframework.test.context.TestContextManager.prepareTestInstance(TestContextManager.java:246) ~[spring-test-5.1.10.RELEASE.jar:5.1.10.RELEASE]
	at org.springframework.test.context.junit4.SpringJUnit4ClassRunner.createTest(SpringJUnit4ClassRunner.java:227) [spring-test-5.1.10.RELEASE.jar:5.1.10.RELEASE]
	at org.springframework.test.context.junit4.SpringJUnit4ClassRunner$1.runReflectiveCall(SpringJUnit4ClassRunner.java:289) [spring-test-5.1.10.RELEASE.jar:5.1.10.RELEASE]
	at org.junit.internal.runners.model.ReflectiveCallable.run(ReflectiveCallable.java:12) [junit-4.12.jar:4.12]
	at org.springframework.test.context.junit4.SpringJUnit4ClassRunner.methodBlock(SpringJUnit4ClassRunner.java:291) [spring-test-5.1.10.RELEASE.jar:5.1.10.RELEASE]
	at org.springframework.test.context.junit4.SpringJUnit4ClassRunner.runChild(SpringJUnit4ClassRunner.java:246) [spring-test-5.1.10.RELEASE.jar:5.1.10.RELEASE]
	at org.springframework.test.context.junit4.SpringJUnit4ClassRunner.runChild(SpringJUnit4ClassRunner.java:97) [spring-test-5.1.10.RELEASE.jar:5.1.10.RELEASE]
	at org.junit.runners.ParentRunner$3.run(ParentRunner.java:290) [junit-4.12.jar:4.12]
	at org.junit.runners.ParentRunner$1.schedule(ParentRunner.java:71) [junit-4.12.jar:4.12]
	at org.junit.runners.ParentRunner.runChildren(ParentRunner.java:288) [junit-4.12.jar:4.12]
	at org.junit.runners.ParentRunner.access$000(ParentRunner.java:58) [junit-4.12.jar:4.12]
	at org.junit.runners.ParentRunner$2.evaluate(ParentRunner.java:268) [junit-4.12.jar:4.12]
	at org.springframework.test.context.junit4.statements.RunBeforeTestClassCallbacks.evaluate(RunBeforeTestClassCallbacks.java:61) [spring-test-5.1.10.RELEASE.jar:5.1.10.RELEASE]
	at org.springframework.test.context.junit4.statements.RunAfterTestClassCallbacks.evaluate(RunAfterTestClassCallbacks.java:70) [spring-test-5.1.10.RELEASE.jar:5.1.10.RELEASE]
	at org.junit.runners.ParentRunner.run(ParentRunner.java:363) [junit-4.12.jar:4.12]
	at org.springframework.test.context.junit4.SpringJUnit4ClassRunner.run(SpringJUnit4ClassRunner.java:190) [spring-test-5.1.10.RELEASE.jar:5.1.10.RELEASE]
	at org.apache.maven.surefire.junit4.JUnit4Provider.execute(JUnit4Provider.java:365) [surefire-junit4-2.22.2.jar:2.22.2]
	at org.apache.maven.surefire.junit4.JUnit4Provider.executeWithRerun(JUnit4Provider.java:273) [surefire-junit4-2.22.2.jar:2.22.2]
	at org.apache.maven.surefire.junit4.JUnit4Provider.executeTestSet(JUnit4Provider.java:238) [surefire-junit4-2.22.2.jar:2.22.2]
	at org.apache.maven.surefire.junit4.JUnit4Provider.invoke(JUnit4Provider.java:159) [surefire-junit4-2.22.2.jar:2.22.2]
	at org.apache.maven.surefire.booter.ForkedBooter.invokeProviderInSameClassLoader(ForkedBooter.java:384) [surefire-booter-2.22.2.jar:2.22.2]
	at org.apache.maven.surefire.booter.ForkedBooter.runSuitesInProcess(ForkedBooter.java:345) [surefire-booter-2.22.2.jar:2.22.2]
	at org.apache.maven.surefire.booter.ForkedBooter.execute(ForkedBooter.java:126) [surefire-booter-2.22.2.jar:2.22.2]
	at org.apache.maven.surefire.booter.ForkedBooter.main(ForkedBooter.java:418) [surefire-booter-2.22.2.jar:2.22.2]
Caused by: org.springframework.beans.factory.UnsatisfiedDependencyException: Error creating bean with name 'lancamentoResource': Unsatisfied dependency expressed through field 'lancamentoService'; nested exception is org.springframework.beans.factory.UnsatisfiedDependencyException: Error creating bean with name 'lancamentoService': Unsatisfied dependency expressed through field 's3'; nested exception is org.springframework.beans.factory.UnsatisfiedDependencyException: Error creating bean with name 's3': Unsatisfied dependency expressed through field 'amazonS3'; nested exception is org.springframework.beans.factory.BeanCreationException: Error creating bean with name 'amazonS3' defined in class path resource [com/financial/api/config/S3Config.class]: Bean instantiation via factory method failed; nested exception is org.springframework.beans.BeanInstantiationException: Failed to instantiate [com.amazonaws.services.s3.AmazonS3]: Factory method 'amazonS3' threw exception; nested exception is com.amazonaws.services.s3.model.AmazonS3Exception: The AWS Access Key Id you provided does not exist in our records. (Service: Amazon S3; Status Code: 403; Error Code: InvalidAccessKeyId; Request ID: 53587B2A59535328; S3 Extended Request ID: nchlDyWfzhwYByuOOvdZ71ffAA7RP4bPIwYdIh5lnBNPjw6t+FjEuxD6nPvtqATND/mLf2n72cI=), S3 Extended Request ID: nchlDyWfzhwYByuOOvdZ71ffAA7RP4bPIwYdIh5lnBNPjw6t+FjEuxD6nPvtqATND/mLf2n72cI=
	at org.springframework.beans.factory.annotation.AutowiredAnnotationBeanPostProcessor$AutowiredFieldElement.inject(AutowiredAnnotationBeanPostProcessor.java:598) ~[spring-beans-5.1.10.RELEASE.jar:5.1.10.RELEASE]
	at org.springframework.beans.factory.annotation.InjectionMetadata.inject(InjectionMetadata.java:90) ~[spring-beans-5.1.10.RELEASE.jar:5.1.10.RELEASE]
	at org.springframework.beans.factory.annotation.AutowiredAnnotationBeanPostProcessor.postProcessProperties(AutowiredAnnotationBeanPostProcessor.java:376) ~[spring-beans-5.1.10.RELEASE.jar:5.1.10.RELEASE]
	at org.springframework.beans.factory.support.AbstractAutowireCapableBeanFactory.populateBean(AbstractAutowireCapableBeanFactory.java:1411) ~[spring-beans-5.1.10.RELEASE.jar:5.1.10.RELEASE]
	at org.springframework.beans.factory.support.AbstractAutowireCapableBeanFactory.doCreateBean(AbstractAutowireCapableBeanFactory.java:592) ~[spring-beans-5.1.10.RELEASE.jar:5.1.10.RELEASE]
	at org.springframework.beans.factory.support.AbstractAutowireCapableBeanFactory.createBean(AbstractAutowireCapableBeanFactory.java:515) ~[spring-beans-5.1.10.RELEASE.jar:5.1.10.RELEASE]
	at org.springframework.beans.factory.support.AbstractBeanFactory.lambda$doGetBean$0(AbstractBeanFactory.java:320) ~[spring-beans-5.1.10.RELEASE.jar:5.1.10.RELEASE]
	at org.springframework.beans.factory.support.DefaultSingletonBeanRegistry.getSingleton(DefaultSingletonBeanRegistry.java:222) ~[spring-beans-5.1.10.RELEASE.jar:5.1.10.RELEASE]
	at org.springframework.beans.factory.support.AbstractBeanFactory.doGetBean(AbstractBeanFactory.java:318) ~[spring-beans-5.1.10.RELEASE.jar:5.1.10.RELEASE]
	at org.springframework.beans.factory.support.AbstractBeanFactory.getBean(AbstractBeanFactory.java:199) ~[spring-beans-5.1.10.RELEASE.jar:5.1.10.RELEASE]
	at org.springframework.beans.factory.support.DefaultListableBeanFactory.preInstantiateSingletons(DefaultListableBeanFactory.java:847) ~[spring-beans-5.1.10.RELEASE.jar:5.1.10.RELEASE]
	at org.springframework.context.support.AbstractApplicationContext.finishBeanFactoryInitialization(AbstractApplicationContext.java:877) ~[spring-context-5.1.10.RELEASE.jar:5.1.10.RELEASE]
	at org.springframework.context.support.AbstractApplicationContext.refresh(AbstractApplicationContext.java:549) ~[spring-context-5.1.10.RELEASE.jar:5.1.10.RELEASE]
	at org.springframework.boot.SpringApplication.refresh(SpringApplication.java:744) ~[spring-boot-2.1.9.RELEASE.jar:2.1.9.RELEASE]
	at org.springframework.boot.SpringApplication.refreshContext(SpringApplication.java:391) ~[spring-boot-2.1.9.RELEASE.jar:2.1.9.RELEASE]
	at org.springframework.boot.SpringApplication.run(SpringApplication.java:312) ~[spring-boot-2.1.9.RELEASE.jar:2.1.9.RELEASE]
	at org.springframework.boot.test.context.SpringBootContextLoader.loadContext(SpringBootContextLoader.java:120) ~[spring-boot-test-2.1.9.RELEASE.jar:2.1.9.RELEASE]
	at org.springframework.test.context.cache.DefaultCacheAwareContextLoaderDelegate.loadContextInternal(DefaultCacheAwareContextLoaderDelegate.java:99) ~[spring-test-5.1.10.RELEASE.jar:5.1.10.RELEASE]
	at org.springframework.test.context.cache.DefaultCacheAwareContextLoaderDelegate.loadContext(DefaultCacheAwareContextLoaderDelegate.java:117) ~[spring-test-5.1.10.RELEASE.jar:5.1.10.RELEASE]
	... 27 common frames omitted
Caused by: org.springframework.beans.factory.UnsatisfiedDependencyException: Error creating bean with name 'lancamentoService': Unsatisfied dependency expressed through field 's3'; nested exception is org.springframework.beans.factory.UnsatisfiedDependencyException: Error creating bean with name 's3': Unsatisfied dependency expressed through field 'amazonS3'; nested exception is org.springframework.beans.factory.BeanCreationException: Error creating bean with name 'amazonS3' defined in class path resource [com/financial/api/config/S3Config.class]: Bean instantiation via factory method failed; nested exception is org.springframework.beans.BeanInstantiationException: Failed to instantiate [com.amazonaws.services.s3.AmazonS3]: Factory method 'amazonS3' threw exception; nested exception is com.amazonaws.services.s3.model.AmazonS3Exception: The AWS Access Key Id you provided does not exist in our records. (Service: Amazon S3; Status Code: 403; Error Code: InvalidAccessKeyId; Request ID: 53587B2A59535328; S3 Extended Request ID: nchlDyWfzhwYByuOOvdZ71ffAA7RP4bPIwYdIh5lnBNPjw6t+FjEuxD6nPvtqATND/mLf2n72cI=), S3 Extended Request ID: nchlDyWfzhwYByuOOvdZ71ffAA7RP4bPIwYdIh5lnBNPjw6t+FjEuxD6nPvtqATND/mLf2n72cI=
	at org.springframework.beans.factory.annotation.AutowiredAnnotationBeanPostProcessor$AutowiredFieldElement.inject(AutowiredAnnotationBeanPostProcessor.java:598) ~[spring-beans-5.1.10.RELEASE.jar:5.1.10.RELEASE]
	at org.springframework.beans.factory.annotation.InjectionMetadata.inject(InjectionMetadata.java:90) ~[spring-beans-5.1.10.RELEASE.jar:5.1.10.RELEASE]
	at org.springframework.beans.factory.annotation.AutowiredAnnotationBeanPostProcessor.postProcessProperties(AutowiredAnnotationBeanPostProcessor.java:376) ~[spring-beans-5.1.10.RELEASE.jar:5.1.10.RELEASE]
	at org.springframework.beans.factory.support.AbstractAutowireCapableBeanFactory.populateBean(AbstractAutowireCapableBeanFactory.java:1411) ~[spring-beans-5.1.10.RELEASE.jar:5.1.10.RELEASE]
	at org.springframework.beans.factory.support.AbstractAutowireCapableBeanFactory.doCreateBean(AbstractAutowireCapableBeanFactory.java:592) ~[spring-beans-5.1.10.RELEASE.jar:5.1.10.RELEASE]
	at org.springframework.beans.factory.support.AbstractAutowireCapableBeanFactory.createBean(AbstractAutowireCapableBeanFactory.java:515) ~[spring-beans-5.1.10.RELEASE.jar:5.1.10.RELEASE]
	at org.springframework.beans.factory.support.AbstractBeanFactory.lambda$doGetBean$0(AbstractBeanFactory.java:320) ~[spring-beans-5.1.10.RELEASE.jar:5.1.10.RELEASE]
	at org.springframework.beans.factory.support.DefaultSingletonBeanRegistry.getSingleton(DefaultSingletonBeanRegistry.java:222) ~[spring-beans-5.1.10.RELEASE.jar:5.1.10.RELEASE]
	at org.springframework.beans.factory.support.AbstractBeanFactory.doGetBean(AbstractBeanFactory.java:318) ~[spring-beans-5.1.10.RELEASE.jar:5.1.10.RELEASE]
	at org.springframework.beans.factory.support.AbstractBeanFactory.getBean(AbstractBeanFactory.java:199) ~[spring-beans-5.1.10.RELEASE.jar:5.1.10.RELEASE]
	at org.springframework.beans.factory.config.DependencyDescriptor.resolveCandidate(DependencyDescriptor.java:277) ~[spring-beans-5.1.10.RELEASE.jar:5.1.10.RELEASE]
	at org.springframework.beans.factory.support.DefaultListableBeanFactory.doResolveDependency(DefaultListableBeanFactory.java:1255) ~[spring-beans-5.1.10.RELEASE.jar:5.1.10.RELEASE]
	at org.springframework.beans.factory.support.DefaultListableBeanFactory.resolveDependency(DefaultListableBeanFactory.java:1175) ~[spring-beans-5.1.10.RELEASE.jar:5.1.10.RELEASE]
	at org.springframework.beans.factory.annotation.AutowiredAnnotationBeanPostProcessor$AutowiredFieldElement.inject(AutowiredAnnotationBeanPostProcessor.java:595) ~[spring-beans-5.1.10.RELEASE.jar:5.1.10.RELEASE]
	... 45 common frames omitted
Caused by: org.springframework.beans.factory.UnsatisfiedDependencyException: Error creating bean with name 's3': Unsatisfied dependency expressed through field 'amazonS3'; nested exception is org.springframework.beans.factory.BeanCreationException: Error creating bean with name 'amazonS3' defined in class path resource [com/financial/api/config/S3Config.class]: Bean instantiation via factory method failed; nested exception is org.springframework.beans.BeanInstantiationException: Failed to instantiate [com.amazonaws.services.s3.AmazonS3]: Factory method 'amazonS3' threw exception; nested exception is com.amazonaws.services.s3.model.AmazonS3Exception: The AWS Access Key Id you provided does not exist in our records. (Service: Amazon S3; Status Code: 403; Error Code: InvalidAccessKeyId; Request ID: 53587B2A59535328; S3 Extended Request ID: nchlDyWfzhwYByuOOvdZ71ffAA7RP4bPIwYdIh5lnBNPjw6t+FjEuxD6nPvtqATND/mLf2n72cI=), S3 Extended Request ID: nchlDyWfzhwYByuOOvdZ71ffAA7RP4bPIwYdIh5lnBNPjw6t+FjEuxD6nPvtqATND/mLf2n72cI=
	at org.springframework.beans.factory.annotation.AutowiredAnnotationBeanPostProcessor$AutowiredFieldElement.inject(AutowiredAnnotationBeanPostProcessor.java:598) ~[spring-beans-5.1.10.RELEASE.jar:5.1.10.RELEASE]
	at org.springframework.beans.factory.annotation.InjectionMetadata.inject(InjectionMetadata.java:90) ~[spring-beans-5.1.10.RELEASE.jar:5.1.10.RELEASE]
	at org.springframework.beans.factory.annotation.AutowiredAnnotationBeanPostProcessor.postProcessProperties(AutowiredAnnotationBeanPostProcessor.java:376) ~[spring-beans-5.1.10.RELEASE.jar:5.1.10.RELEASE]
	at org.springframework.beans.factory.support.AbstractAutowireCapableBeanFactory.populateBean(AbstractAutowireCapableBeanFactory.java:1411) ~[spring-beans-5.1.10.RELEASE.jar:5.1.10.RELEASE]
	at org.springframework.beans.factory.support.AbstractAutowireCapableBeanFactory.doCreateBean(AbstractAutowireCapableBeanFactory.java:592) ~[spring-beans-5.1.10.RELEASE.jar:5.1.10.RELEASE]
	at org.springframework.beans.factory.support.AbstractAutowireCapableBeanFactory.createBean(AbstractAutowireCapableBeanFactory.java:515) ~[spring-beans-5.1.10.RELEASE.jar:5.1.10.RELEASE]
	at org.springframework.beans.factory.support.AbstractBeanFactory.lambda$doGetBean$0(AbstractBeanFactory.java:320) ~[spring-beans-5.1.10.RELEASE.jar:5.1.10.RELEASE]
	at org.springframework.beans.factory.support.DefaultSingletonBeanRegistry.getSingleton(DefaultSingletonBeanRegistry.java:222) ~[spring-beans-5.1.10.RELEASE.jar:5.1.10.RELEASE]
	at org.springframework.beans.factory.support.AbstractBeanFactory.doGetBean(AbstractBeanFactory.java:318) ~[spring-beans-5.1.10.RELEASE.jar:5.1.10.RELEASE]
	at org.springframework.beans.factory.support.AbstractBeanFactory.getBean(AbstractBeanFactory.java:199) ~[spring-beans-5.1.10.RELEASE.jar:5.1.10.RELEASE]
	at org.springframework.beans.factory.config.DependencyDescriptor.resolveCandidate(DependencyDescriptor.java:277) ~[spring-beans-5.1.10.RELEASE.jar:5.1.10.RELEASE]
	at org.springframework.beans.factory.support.DefaultListableBeanFactory.doResolveDependency(DefaultListableBeanFactory.java:1255) ~[spring-beans-5.1.10.RELEASE.jar:5.1.10.RELEASE]
	at org.springframework.beans.factory.support.DefaultListableBeanFactory.resolveDependency(DefaultListableBeanFactory.java:1175) ~[spring-beans-5.1.10.RELEASE.jar:5.1.10.RELEASE]
	at org.springframework.beans.factory.annotation.AutowiredAnnotationBeanPostProcessor$AutowiredFieldElement.inject(AutowiredAnnotationBeanPostProcessor.java:595) ~[spring-beans-5.1.10.RELEASE.jar:5.1.10.RELEASE]
	... 58 common frames omitted
Caused by: org.springframework.beans.factory.BeanCreationException: Error creating bean with name 'amazonS3' defined in class path resource [com/financial/api/config/S3Config.class]: Bean instantiation via factory method failed; nested exception is org.springframework.beans.BeanInstantiationException: Failed to instantiate [com.amazonaws.services.s3.AmazonS3]: Factory method 'amazonS3' threw exception; nested exception is com.amazonaws.services.s3.model.AmazonS3Exception: The AWS Access Key Id you provided does not exist in our records. (Service: Amazon S3; Status Code: 403; Error Code: InvalidAccessKeyId; Request ID: 53587B2A59535328; S3 Extended Request ID: nchlDyWfzhwYByuOOvdZ71ffAA7RP4bPIwYdIh5lnBNPjw6t+FjEuxD6nPvtqATND/mLf2n72cI=), S3 Extended Request ID: nchlDyWfzhwYByuOOvdZ71ffAA7RP4bPIwYdIh5lnBNPjw6t+FjEuxD6nPvtqATND/mLf2n72cI=
	at org.springframework.beans.factory.support.ConstructorResolver.instantiate(ConstructorResolver.java:627) ~[spring-beans-5.1.10.RELEASE.jar:5.1.10.RELEASE]
	at org.springframework.beans.factory.support.ConstructorResolver.instantiateUsingFactoryMethod(ConstructorResolver.java:456) ~[spring-beans-5.1.10.RELEASE.jar:5.1.10.RELEASE]
	at org.springframework.beans.factory.support.AbstractAutowireCapableBeanFactory.instantiateUsingFactoryMethod(AbstractAutowireCapableBeanFactory.java:1321) ~[spring-beans-5.1.10.RELEASE.jar:5.1.10.RELEASE]
	at org.springframework.beans.factory.support.AbstractAutowireCapableBeanFactory.createBeanInstance(AbstractAutowireCapableBeanFactory.java:1160) ~[spring-beans-5.1.10.RELEASE.jar:5.1.10.RELEASE]
	at org.springframework.beans.factory.support.AbstractAutowireCapableBeanFactory.doCreateBean(AbstractAutowireCapableBeanFactory.java:555) ~[spring-beans-5.1.10.RELEASE.jar:5.1.10.RELEASE]
	at org.springframework.beans.factory.support.AbstractAutowireCapableBeanFactory.createBean(AbstractAutowireCapableBeanFactory.java:515) ~[spring-beans-5.1.10.RELEASE.jar:5.1.10.RELEASE]
	at org.springframework.beans.factory.support.AbstractBeanFactory.lambda$doGetBean$0(AbstractBeanFactory.java:320) ~[spring-beans-5.1.10.RELEASE.jar:5.1.10.RELEASE]
	at org.springframework.beans.factory.support.DefaultSingletonBeanRegistry.getSingleton(DefaultSingletonBeanRegistry.java:222) ~[spring-beans-5.1.10.RELEASE.jar:5.1.10.RELEASE]
	at org.springframework.beans.factory.support.AbstractBeanFactory.doGetBean(AbstractBeanFactory.java:318) ~[spring-beans-5.1.10.RELEASE.jar:5.1.10.RELEASE]
	at org.springframework.beans.factory.support.AbstractBeanFactory.getBean(AbstractBeanFactory.java:199) ~[spring-beans-5.1.10.RELEASE.jar:5.1.10.RELEASE]
	at org.springframework.beans.factory.config.DependencyDescriptor.resolveCandidate(DependencyDescriptor.java:277) ~[spring-beans-5.1.10.RELEASE.jar:5.1.10.RELEASE]
	at org.springframework.beans.factory.support.DefaultListableBeanFactory.doResolveDependency(DefaultListableBeanFactory.java:1255) ~[spring-beans-5.1.10.RELEASE.jar:5.1.10.RELEASE]
	at org.springframework.beans.factory.support.DefaultListableBeanFactory.resolveDependency(DefaultListableBeanFactory.java:1175) ~[spring-beans-5.1.10.RELEASE.jar:5.1.10.RELEASE]
	at org.springframework.beans.factory.annotation.AutowiredAnnotationBeanPostProcessor$AutowiredFieldElement.inject(AutowiredAnnotationBeanPostProcessor.java:595) ~[spring-beans-5.1.10.RELEASE.jar:5.1.10.RELEASE]
	... 71 common frames omitted
Caused by: org.springframework.beans.BeanInstantiationException: Failed to instantiate [com.amazonaws.services.s3.AmazonS3]: Factory method 'amazonS3' threw exception; nested exception is com.amazonaws.services.s3.model.AmazonS3Exception: The AWS Access Key Id you provided does not exist in our records. (Service: Amazon S3; Status Code: 403; Error Code: InvalidAccessKeyId; Request ID: 53587B2A59535328; S3 Extended Request ID: nchlDyWfzhwYByuOOvdZ71ffAA7RP4bPIwYdIh5lnBNPjw6t+FjEuxD6nPvtqATND/mLf2n72cI=), S3 Extended Request ID: nchlDyWfzhwYByuOOvdZ71ffAA7RP4bPIwYdIh5lnBNPjw6t+FjEuxD6nPvtqATND/mLf2n72cI=
	at org.springframework.beans.factory.support.SimpleInstantiationStrategy.instantiate(SimpleInstantiationStrategy.java:185) ~[spring-beans-5.1.10.RELEASE.jar:5.1.10.RELEASE]
	at org.springframework.beans.factory.support.ConstructorResolver.instantiate(ConstructorResolver.java:622) ~[spring-beans-5.1.10.RELEASE.jar:5.1.10.RELEASE]
	... 84 common frames omitted
Caused by: com.amazonaws.services.s3.model.AmazonS3Exception: The AWS Access Key Id you provided does not exist in our records. (Service: Amazon S3; Status Code: 403; Error Code: InvalidAccessKeyId; Request ID: 53587B2A59535328; S3 Extended Request ID: nchlDyWfzhwYByuOOvdZ71ffAA7RP4bPIwYdIh5lnBNPjw6t+FjEuxD6nPvtqATND/mLf2n72cI=)
	at com.amazonaws.http.AmazonHttpClient$RequestExecutor.handleErrorResponse(AmazonHttpClient.java:1630) ~[aws-java-sdk-core-1.11.274.jar:na]
	at com.amazonaws.http.AmazonHttpClient$RequestExecutor.executeOneRequest(AmazonHttpClient.java:1302) ~[aws-java-sdk-core-1.11.274.jar:na]
	at com.amazonaws.http.AmazonHttpClient$RequestExecutor.executeHelper(AmazonHttpClient.java:1056) ~[aws-java-sdk-core-1.11.274.jar:na]
	at com.amazonaws.http.AmazonHttpClient$RequestExecutor.doExecute(AmazonHttpClient.java:743) ~[aws-java-sdk-core-1.11.274.jar:na]
	at com.amazonaws.http.AmazonHttpClient$RequestExecutor.executeWithTimer(AmazonHttpClient.java:717) ~[aws-java-sdk-core-1.11.274.jar:na]
	at com.amazonaws.http.AmazonHttpClient$RequestExecutor.execute(AmazonHttpClient.java:699) ~[aws-java-sdk-core-1.11.274.jar:na]
	at com.amazonaws.http.AmazonHttpClient$RequestExecutor.access$500(AmazonHttpClient.java:667) ~[aws-java-sdk-core-1.11.274.jar:na]
	at com.amazonaws.http.AmazonHttpClient$RequestExecutionBuilderImpl.execute(AmazonHttpClient.java:649) ~[aws-java-sdk-core-1.11.274.jar:na]
	at com.amazonaws.http.AmazonHttpClient.execute(AmazonHttpClient.java:513) ~[aws-java-sdk-core-1.11.274.jar:na]
	at com.amazonaws.services.s3.AmazonS3Client.invoke(AmazonS3Client.java:4330) ~[aws-java-sdk-s3-1.11.274.jar:na]
	at com.amazonaws.services.s3.AmazonS3Client.invoke(AmazonS3Client.java:4277) ~[aws-java-sdk-s3-1.11.274.jar:na]
	at com.amazonaws.services.s3.AmazonS3Client.getAcl(AmazonS3Client.java:3478) ~[aws-java-sdk-s3-1.11.274.jar:na]
	at com.amazonaws.services.s3.AmazonS3Client.getBucketAcl(AmazonS3Client.java:1172) ~[aws-java-sdk-s3-1.11.274.jar:na]
	at com.amazonaws.services.s3.AmazonS3Client.getBucketAcl(AmazonS3Client.java:1162) ~[aws-java-sdk-s3-1.11.274.jar:na]
	at com.amazonaws.services.s3.AmazonS3Client.doesBucketExistV2(AmazonS3Client.java:1297) ~[aws-java-sdk-s3-1.11.274.jar:na]
	at com.financial.api.config.S3Config.amazonS3(S3Config.java:35) ~[classes/:na]
	at com.financial.api.config.S3Config$$EnhancerBySpringCGLIB$$4e13576d.CGLIB$amazonS3$0(<generated>) ~[classes/:na]
	at com.financial.api.config.S3Config$$EnhancerBySpringCGLIB$$4e13576d$$FastClassBySpringCGLIB$$24ad22f4.invoke(<generated>) ~[classes/:na]
	at org.springframework.cglib.proxy.MethodProxy.invokeSuper(MethodProxy.java:244) ~[spring-core-5.1.10.RELEASE.jar:5.1.10.RELEASE]
	at org.springframework.context.annotation.ConfigurationClassEnhancer$BeanMethodInterceptor.intercept(ConfigurationClassEnhancer.java:363) ~[spring-context-5.1.10.RELEASE.jar:5.1.10.RELEASE]
	at com.financial.api.config.S3Config$$EnhancerBySpringCGLIB$$4e13576d.amazonS3(<generated>) ~[classes/:na]
	at sun.reflect.NativeMethodAccessorImpl.invoke0(Native Method) ~[na:1.8.0_201]
	at sun.reflect.NativeMethodAccessorImpl.invoke(NativeMethodAccessorImpl.java:62) ~[na:1.8.0_201]
	at sun.reflect.DelegatingMethodAccessorImpl.invoke(DelegatingMethodAccessorImpl.java:43) ~[na:1.8.0_201]
	at java.lang.reflect.Method.invoke(Method.java:498) ~[na:1.8.0_201]
	at org.springframework.beans.factory.support.SimpleInstantiationStrategy.instantiate(SimpleInstantiationStrategy.java:154) ~[spring-beans-5.1.10.RELEASE.jar:5.1.10.RELEASE]
	... 85 common frames omitted

]]></system-out>
  </testcase>
</testsuite>